GTF3Cinput file: FAM48A_test
kmer: 6
split: 2
span: 5000
dataset: ChIP_690
============================================================
<class 'DNABERT_v1.src.transformers.tokenization_dna.DNATokenizer'>
total num of rows: (1159, 3)
Traceback (most recent call last):
  File "/new-stg/home/cong/miniconda3/envs/dpi/lib/python3.7/site-packages/pandas/core/indexes/base.py", line 3361, in get_loc
    return self._engine.get_loc(casted_key)
  File "pandas/_libs/index.pyx", line 76, in pandas._libs.index.IndexEngine.get_loc
  File "pandas/_libs/index.pyx", line 108, in pandas._libs.index.IndexEngine.get_loc
  File "pandas/_libs/hashtable_class_helper.pxi", line 5198, in pandas._libs.hashtable.PyObjectHashTable.get_item
  File "pandas/_libs/hashtable_class_helper.pxi", line 5206, in pandas._libs.hashtable.PyObjectHashTable.get_item
KeyError: 'dna_embedding'

The above exception was the direct cause of the following exception:

Traceback (most recent call last):
  File "/new-stg/home/cong/miniconda3/envs/dpi/lib/python3.7/site-packages/pandas/core/frame.py", line 3751, in _set_item_mgr
    loc = self._info_axis.get_loc(key)
  File "/new-stg/home/cong/miniconda3/envs/dpi/lib/python3.7/site-packages/pandas/core/indexes/base.py", line 3363, in get_loc
    raise KeyError(key) from err
KeyError: 'dna_embedding'

During handling of the above exception, another exception occurred:

Traceback (most recent call last):
  File "generate_dataset_with_embedding_Encode3.py", line 159, in <module>
    main(df2, output_file)
  File "generate_dataset_with_embedding_Encode3.py", line 105, in main
    df = add_two_columns(df)
  File "generate_dataset_with_embedding_Encode3.py", line 93, in add_two_columns
    df = df.assign(dna_embedding=col.values)
  File "/new-stg/home/cong/miniconda3/envs/dpi/lib/python3.7/site-packages/pandas/core/frame.py", line 4486, in assign
    data[k] = com.apply_if_callable(v, data)
  File "/new-stg/home/cong/miniconda3/envs/dpi/lib/python3.7/site-packages/pandas/core/frame.py", line 3612, in __setitem__
    self._set_item(key, value)
  File "/new-stg/home/cong/miniconda3/envs/dpi/lib/python3.7/site-packages/pandas/core/frame.py", line 3797, in _set_item
    self._set_item_mgr(key, value)
  File "/new-stg/home/cong/miniconda3/envs/dpi/lib/python3.7/site-packages/pandas/core/frame.py", line 3754, in _set_item_mgr
    self._mgr.insert(len(self._info_axis), key, value)
  File "/new-stg/home/cong/miniconda3/envs/dpi/lib/python3.7/site-packages/pandas/core/internals/managers.py", line 1162, in insert
    block = new_block(values=value, ndim=self.ndim, placement=slice(loc, loc + 1))
  File "/new-stg/home/cong/miniconda3/envs/dpi/lib/python3.7/site-packages/pandas/core/internals/blocks.py", line 1937, in new_block
    check_ndim(values, placement, ndim)
  File "/new-stg/home/cong/miniconda3/envs/dpi/lib/python3.7/site-packages/pandas/core/internals/blocks.py", line 1980, in check_ndim
    f"Wrong number of items passed {len(values)}, "
ValueError: Wrong number of items passed 3, placement implies 1
input file: GTF3C2_test
kmer: 6
split: 2
span: 5000
dataset: ChIP_690
============================================================
<class 'DNABERT_v1.src.transformers.tokenization_dna.DNATokenizer'>
total num of rows: (1352, 3)
Traceback (most recent call last):
  File "/new-stg/home/cong/miniconda3/envs/dpi/lib/python3.7/site-packages/pandas/core/indexes/base.py", line 3361, in get_loc
    return self._engine.get_loc(casted_key)
  File "pandas/_libs/index.pyx", line 76, in pandas._libs.index.IndexEngine.get_loc
  File "pandas/_libs/index.pyx", line 108, in pandas._libs.index.IndexEngine.get_loc
  File "pandas/_libs/hashtable_class_helper.pxi", line 5198, in pandas._libs.hashtable.PyObjectHashTable.get_item
  File "pandas/_libs/hashtable_class_helper.pxi", line 5206, in pandas._libs.hashtable.PyObjectHashTable.get_item
KeyError: 'dna_embedding'

The above exception was the direct cause of the following exception:

Traceback (most recent call last):
  File "/new-stg/home/cong/miniconda3/envs/dpi/lib/python3.7/site-packages/pandas/core/frame.py", line 3751, in _set_item_mgr
    loc = self._info_axis.get_loc(key)
  File "/new-stg/home/cong/miniconda3/envs/dpi/lib/python3.7/site-packages/pandas/core/indexes/base.py", line 3363, in get_loc
    raise KeyError(key) from err
KeyError: 'dna_embedding'

During handling of the above exception, another exception occurred:

Traceback (most recent call last):
  File "generate_dataset_with_embedding_Encode3.py", line 159, in <module>
    main(df2, output_file)
  File "generate_dataset_with_embedding_Encode3.py", line 105, in main
    df = add_two_columns(df)
  File "generate_dataset_with_embedding_Encode3.py", line 93, in add_two_columns
    df = df.assign(dna_embedding=col.values)
  File "/new-stg/home/cong/miniconda3/envs/dpi/lib/python3.7/site-packages/pandas/core/frame.py", line 4486, in assign
    data[k] = com.apply_if_callable(v, data)
  File "/new-stg/home/cong/miniconda3/envs/dpi/lib/python3.7/site-packages/pandas/core/frame.py", line 3612, in __setitem__
    self._set_item(key, value)
  File "/new-stg/home/cong/miniconda3/envs/dpi/lib/python3.7/site-packages/pandas/core/frame.py", line 3797, in _set_item
    self._set_item_mgr(key, value)
  File "/new-stg/home/cong/miniconda3/envs/dpi/lib/python3.7/site-packages/pandas/core/frame.py", line 3754, in _set_item_mgr
    self._mgr.insert(len(self._info_axis), key, value)
  File "/new-stg/home/cong/miniconda3/envs/dpi/lib/python3.7/site-packages/pandas/core/internals/managers.py", line 1162, in insert
    block = new_block(values=value, ndim=self.ndim, placement=slice(loc, loc + 1))
  File "/new-stg/home/cong/miniconda3/envs/dpi/lib/python3.7/site-packages/pandas/core/internals/blocks.py", line 1937, in new_block
    check_ndim(values, placement, ndim)
  File "/new-stg/home/cong/miniconda3/envs/dpi/lib/python3.7/site-packages/pandas/core/internals/blocks.py", line 1980, in check_ndim
    f"Wrong number of items passed {len(values)}, "
ValueError: Wrong number of items passed 3, placement implies 1
input file: ERR1_test
kmer: 6
split: 2
span: 5000
dataset: ChIP_690
============================================================
<class 'DNABERT_v1.src.transformers.tokenization_dna.DNATokenizer'>
total num of rows: (1192, 3)
Traceback (most recent call last):
  File "/new-stg/home/cong/miniconda3/envs/dpi/lib/python3.7/site-packages/pandas/core/indexes/base.py", line 3361, in get_loc
    return self._engine.get_loc(casted_key)
  File "pandas/_libs/index.pyx", line 76, in pandas._libs.index.IndexEngine.get_loc
  File "pandas/_libs/index.pyx", line 108, in pandas._libs.index.IndexEngine.get_loc
  File "pandas/_libs/hashtable_class_helper.pxi", line 5198, in pandas._libs.hashtable.PyObjectHashTable.get_item
  File "pandas/_libs/hashtable_class_helper.pxi", line 5206, in pandas._libs.hashtable.PyObjectHashTable.get_item
KeyError: 'dna_embedding'

The above exception was the direct cause of the following exception:

Traceback (most recent call last):
  File "/new-stg/home/cong/miniconda3/envs/dpi/lib/python3.7/site-packages/pandas/core/frame.py", line 3751, in _set_item_mgr
    loc = self._info_axis.get_loc(key)
  File "/new-stg/home/cong/miniconda3/envs/dpi/lib/python3.7/site-packages/pandas/core/indexes/base.py", line 3363, in get_loc
    raise KeyError(key) from err
KeyError: 'dna_embedding'

During handling of the above exception, another exception occurred:

Traceback (most recent call last):
  File "generate_dataset_with_embedding_Encode3.py", line 159, in <module>
    main(df2, output_file)
  File "generate_dataset_with_embedding_Encode3.py", line 105, in main
    df = add_two_columns(df)
  File "generate_dataset_with_embedding_Encode3.py", line 93, in add_two_columns
    df = df.assign(dna_embedding=col.values)
  File "/new-stg/home/cong/miniconda3/envs/dpi/lib/python3.7/site-packages/pandas/core/frame.py", line 4486, in assign
    data[k] = com.apply_if_callable(v, data)
  File "/new-stg/home/cong/miniconda3/envs/dpi/lib/python3.7/site-packages/pandas/core/frame.py", line 3612, in __setitem__
    self._set_item(key, value)
  File "/new-stg/home/cong/miniconda3/envs/dpi/lib/python3.7/site-packages/pandas/core/frame.py", line 3797, in _set_item
    self._set_item_mgr(key, value)
  File "/new-stg/home/cong/miniconda3/envs/dpi/lib/python3.7/site-packages/pandas/core/frame.py", line 3754, in _set_item_mgr
    self._mgr.insert(len(self._info_axis), key, value)
  File "/new-stg/home/cong/miniconda3/envs/dpi/lib/python3.7/site-packages/pandas/core/internals/managers.py", line 1162, in insert
    block = new_block(values=value, ndim=self.ndim, placement=slice(loc, loc + 1))
  File "/new-stg/home/cong/miniconda3/envs/dpi/lib/python3.7/site-packages/pandas/core/internals/blocks.py", line 1937, in new_block
    check_ndim(values, placement, ndim)
  File "/new-stg/home/cong/miniconda3/envs/dpi/lib/python3.7/site-packages/pandas/core/internals/blocks.py", line 1980, in check_ndim
    f"Wrong number of items passed {len(values)}, "
ValueError: Wrong number of items passed 3, placement implies 1
input file: AP2A_test
kmer: 6
split: 2
span: 5000
dataset: ChIP_690
============================================================
<class 'DNABERT_v1.src.transformers.tokenization_dna.DNATokenizer'>
total num of rows: (3155, 3)
Traceback (most recent call last):
  File "/new-stg/home/cong/miniconda3/envs/dpi/lib/python3.7/site-packages/pandas/core/indexes/base.py", line 3361, in get_loc
    return self._engine.get_loc(casted_key)
  File "pandas/_libs/index.pyx", line 76, in pandas._libs.index.IndexEngine.get_loc
  File "pandas/_libs/index.pyx", line 108, in pandas._libs.index.IndexEngine.get_loc
  File "pandas/_libs/hashtable_class_helper.pxi", line 5198, in pandas._libs.hashtable.PyObjectHashTable.get_item
  File "pandas/_libs/hashtable_class_helper.pxi", line 5206, in pandas._libs.hashtable.PyObjectHashTable.get_item
KeyError: 'dna_embedding'

The above exception was the direct cause of the following exception:

Traceback (most recent call last):
  File "/new-stg/home/cong/miniconda3/envs/dpi/lib/python3.7/site-packages/pandas/core/frame.py", line 3751, in _set_item_mgr
    loc = self._info_axis.get_loc(key)
  File "/new-stg/home/cong/miniconda3/envs/dpi/lib/python3.7/site-packages/pandas/core/indexes/base.py", line 3363, in get_loc
    raise KeyError(key) from err
KeyError: 'dna_embedding'

During handling of the above exception, another exception occurred:

Traceback (most recent call last):
  File "generate_dataset_with_embedding_Encode3.py", line 159, in <module>
    main(df2, output_file)
  File "generate_dataset_with_embedding_Encode3.py", line 105, in main
    df = add_two_columns(df)
  File "generate_dataset_with_embedding_Encode3.py", line 93, in add_two_columns
    df = df.assign(dna_embedding=col.values)
  File "/new-stg/home/cong/miniconda3/envs/dpi/lib/python3.7/site-packages/pandas/core/frame.py", line 4486, in assign
    data[k] = com.apply_if_callable(v, data)
  File "/new-stg/home/cong/miniconda3/envs/dpi/lib/python3.7/site-packages/pandas/core/frame.py", line 3612, in __setitem__
    self._set_item(key, value)
  File "/new-stg/home/cong/miniconda3/envs/dpi/lib/python3.7/site-packages/pandas/core/frame.py", line 3797, in _set_item
    self._set_item_mgr(key, value)
  File "/new-stg/home/cong/miniconda3/envs/dpi/lib/python3.7/site-packages/pandas/core/frame.py", line 3754, in _set_item_mgr
    self._mgr.insert(len(self._info_axis), key, value)
  File "/new-stg/home/cong/miniconda3/envs/dpi/lib/python3.7/site-packages/pandas/core/internals/managers.py", line 1162, in insert
    block = new_block(values=value, ndim=self.ndim, placement=slice(loc, loc + 1))
  File "/new-stg/home/cong/miniconda3/envs/dpi/lib/python3.7/site-packages/pandas/core/internals/blocks.py", line 1937, in new_block
    check_ndim(values, placement, ndim)
  File "/new-stg/home/cong/miniconda3/envs/dpi/lib/python3.7/site-packages/pandas/core/internals/blocks.py", line 1980, in check_ndim
    f"Wrong number of items passed {len(values)}, "
ValueError: Wrong number of items passed 3, placement implies 1
input file: JUNB_test
kmer: 6
split: 2
span: 5000
dataset: ChIP_690
============================================================
<class 'DNABERT_v1.src.transformers.tokenization_dna.DNATokenizer'>
total num of rows: (1599, 3)
Traceback (most recent call last):
  File "/new-stg/home/cong/miniconda3/envs/dpi/lib/python3.7/site-packages/pandas/core/indexes/base.py", line 3361, in get_loc
    return self._engine.get_loc(casted_key)
  File "pandas/_libs/index.pyx", line 76, in pandas._libs.index.IndexEngine.get_loc
  File "pandas/_libs/index.pyx", line 108, in pandas._libs.index.IndexEngine.get_loc
  File "pandas/_libs/hashtable_class_helper.pxi", line 5198, in pandas._libs.hashtable.PyObjectHashTable.get_item
  File "pandas/_libs/hashtable_class_helper.pxi", line 5206, in pandas._libs.hashtable.PyObjectHashTable.get_item
KeyError: 'dna_embedding'

The above exception was the direct cause of the following exception:

Traceback (most recent call last):
  File "/new-stg/home/cong/miniconda3/envs/dpi/lib/python3.7/site-packages/pandas/core/frame.py", line 3751, in _set_item_mgr
    loc = self._info_axis.get_loc(key)
  File "/new-stg/home/cong/miniconda3/envs/dpi/lib/python3.7/site-packages/pandas/core/indexes/base.py", line 3363, in get_loc
    raise KeyError(key) from err
KeyError: 'dna_embedding'

During handling of the above exception, another exception occurred:

Traceback (most recent call last):
  File "generate_dataset_with_embedding_Encode3.py", line 159, in <module>
    main(df2, output_file)
  File "generate_dataset_with_embedding_Encode3.py", line 105, in main
    df = add_two_columns(df)
  File "generate_dataset_with_embedding_Encode3.py", line 93, in add_two_columns
    df = df.assign(dna_embedding=col.values)
  File "/new-stg/home/cong/miniconda3/envs/dpi/lib/python3.7/site-packages/pandas/core/frame.py", line 4486, in assign
    data[k] = com.apply_if_callable(v, data)
  File "/new-stg/home/cong/miniconda3/envs/dpi/lib/python3.7/site-packages/pandas/core/frame.py", line 3612, in __setitem__
    self._set_item(key, value)
  File "/new-stg/home/cong/miniconda3/envs/dpi/lib/python3.7/site-packages/pandas/core/frame.py", line 3797, in _set_item
    self._set_item_mgr(key, value)
  File "/new-stg/home/cong/miniconda3/envs/dpi/lib/python3.7/site-packages/pandas/core/frame.py", line 3754, in _set_item_mgr
    self._mgr.insert(len(self._info_axis), key, value)
  File "/new-stg/home/cong/miniconda3/envs/dpi/lib/python3.7/site-packages/pandas/core/internals/managers.py", line 1162, in insert
    block = new_block(values=value, ndim=self.ndim, placement=slice(loc, loc + 1))
  File "/new-stg/home/cong/miniconda3/envs/dpi/lib/python3.7/site-packages/pandas/core/internals/blocks.py", line 1937, in new_block
    check_ndim(values, placement, ndim)
  File "/new-stg/home/cong/miniconda3/envs/dpi/lib/python3.7/site-packages/pandas/core/internals/blocks.py", line 1980, in check_ndim
    f"Wrong number of items passed {len(values)}, "
ValueError: Wrong number of items passed 3, placement implies 1
input file: HDAC8_test
kmer: 6
split: 2
span: 5000
dataset: ChIP_690
============================================================
<class 'DNABERT_v1.src.transformers.tokenization_dna.DNATokenizer'>
total num of rows: (1113, 3)
Traceback (most recent call last):
  File "/new-stg/home/cong/miniconda3/envs/dpi/lib/python3.7/site-packages/pandas/core/indexes/base.py", line 3361, in get_loc
    return self._engine.get_loc(casted_key)
  File "pandas/_libs/index.pyx", line 76, in pandas._libs.index.IndexEngine.get_loc
  File "pandas/_libs/index.pyx", line 108, in pandas._libs.index.IndexEngine.get_loc
  File "pandas/_libs/hashtable_class_helper.pxi", line 5198, in pandas._libs.hashtable.PyObjectHashTable.get_item
  File "pandas/_libs/hashtable_class_helper.pxi", line 5206, in pandas._libs.hashtable.PyObjectHashTable.get_item
KeyError: 'dna_embedding'

The above exception was the direct cause of the following exception:

Traceback (most recent call last):
  File "/new-stg/home/cong/miniconda3/envs/dpi/lib/python3.7/site-packages/pandas/core/frame.py", line 3751, in _set_item_mgr
    loc = self._info_axis.get_loc(key)
  File "/new-stg/home/cong/miniconda3/envs/dpi/lib/python3.7/site-packages/pandas/core/indexes/base.py", line 3363, in get_loc
    raise KeyError(key) from err
KeyError: 'dna_embedding'

During handling of the above exception, another exception occurred:

Traceback (most recent call last):
  File "generate_dataset_with_embedding_Encode3.py", line 159, in <module>
    main(df2, output_file)
  File "generate_dataset_with_embedding_Encode3.py", line 105, in main
    df = add_two_columns(df)
  File "generate_dataset_with_embedding_Encode3.py", line 93, in add_two_columns
    df = df.assign(dna_embedding=col.values)
  File "/new-stg/home/cong/miniconda3/envs/dpi/lib/python3.7/site-packages/pandas/core/frame.py", line 4486, in assign
    data[k] = com.apply_if_callable(v, data)
  File "/new-stg/home/cong/miniconda3/envs/dpi/lib/python3.7/site-packages/pandas/core/frame.py", line 3612, in __setitem__
    self._set_item(key, value)
  File "/new-stg/home/cong/miniconda3/envs/dpi/lib/python3.7/site-packages/pandas/core/frame.py", line 3797, in _set_item
    self._set_item_mgr(key, value)
  File "/new-stg/home/cong/miniconda3/envs/dpi/lib/python3.7/site-packages/pandas/core/frame.py", line 3754, in _set_item_mgr
    self._mgr.insert(len(self._info_axis), key, value)
  File "/new-stg/home/cong/miniconda3/envs/dpi/lib/python3.7/site-packages/pandas/core/internals/managers.py", line 1162, in insert
    block = new_block(values=value, ndim=self.ndim, placement=slice(loc, loc + 1))
  File "/new-stg/home/cong/miniconda3/envs/dpi/lib/python3.7/site-packages/pandas/core/internals/blocks.py", line 1937, in new_block
    check_ndim(values, placement, ndim)
  File "/new-stg/home/cong/miniconda3/envs/dpi/lib/python3.7/site-packages/pandas/core/internals/blocks.py", line 1980, in check_ndim
    f"Wrong number of items passed {len(values)}, "
ValueError: Wrong number of items passed 3, placement implies 1
input file: RUNX3_test
kmer: 6
split: 2
span: 5000
dataset: ChIP_690
============================================================
<class 'DNABERT_v1.src.transformers.tokenization_dna.DNATokenizer'>
total num of rows: (13597, 3)
embedding size is torch.Size([509, 768])
embedding size is torch.Size([509, 768])
embedding size is torch.Size([509, 768])
embedding size is torch.Size([509, 768])
embedding size is torch.Size([509, 768])
embedding size is torch.Size([509, 768])
embedding size is torch.Size([509, 768])
embedding size is torch.Size([509, 768])
embedding size is torch.Size([509, 768])
embedding size is torch.Size([509, 768])
embedding size is torch.Size([509, 768])
embedding size is torch.Size([509, 768])
embedding size is torch.Size([509, 768])
embedding size is torch.Size([509, 768])
embedding size is torch.Size([509, 768])
embedding size is torch.Size([509, 768])
embedding size is torch.Size([509, 768])
embedding size is torch.Size([509, 768])
embedding size is torch.Size([509, 768])
embedding size is torch.Size([509, 768])
embedding size is torch.Size([509, 768])
embedding size is torch.Size([509, 768])
embedding size is torch.Size([509, 768])
embedding size is torch.Size([509, 768])
embedding size is torch.Size([509, 768])
embedding size is torch.Size([509, 768])
embedding size is torch.Size([509, 768])
embedding size is torch.Size([509, 768])
embedding size is torch.Size([509, 768])
embedding size is torch.Size([509, 768])
embedding size is torch.Size([509, 768])
embedding size is torch.Size([509, 768])
embedding size is torch.Size([509, 768])
embedding size is torch.Size([509, 768])
embedding size is torch.Size([509, 768])
embedding size is torch.Size([509, 768])
embedding size is torch.Size([509, 768])
embedding size is torch.Size([509, 768])
embedding size is torch.Size([509, 768])
embedding size is torch.Size([509, 768])
embedding size is torch.Size([509, 768])
embedding size is torch.Size([509, 768])
embedding size is torch.Size([509, 768])
embedding size is torch.Size([509, 768])
embedding size is torch.Size([509, 768])
embedding size is torch.Size([509, 768])
embedding size is torch.Size([509, 768])
embedding size is torch.Size([509, 768])
embedding size is torch.Size([509, 768])
embedding size is torch.Size([509, 768])
embedding size is torch.Size([509, 768])
embedding size is torch.Size([509, 768])
embedding size is torch.Size([509, 768])
embedding size is torch.Size([509, 768])
embedding size is torch.Size([509, 768])
embedding size is torch.Size([509, 768])
embedding size is torch.Size([509, 768])
embedding size is torch.Size([509, 768])
embedding size is torch.Size([509, 768])
embedding size is torch.Size([509, 768])
embedding size is torch.Size([509, 768])
embedding size is torch.Size([509, 768])
embedding size is torch.Size([509, 768])
embedding size is torch.Size([509, 768])
embedding size is torch.Size([509, 768])
embedding size is torch.Size([509, 768])
embedding size is torch.Size([509, 768])
embedding size is torch.Size([509, 768])
embedding size is torch.Size([509, 768])
embedding size is torch.Size([509, 768])
embedding size is torch.Size([509, 768])
embedding size is torch.Size([509, 768])
embedding size is torch.Size([509, 768])
embedding size is torch.Size([509, 768])
embedding size is torch.Size([509, 768])
embedding size is torch.Size([509, 768])
embedding size is torch.Size([509, 768])
embedding size is torch.Size([509, 768])
embedding size is torch.Size([509, 768])
embedding size is torch.Size([509, 768])
embedding size is torch.Size([509, 768])
embedding size is torch.Size([509, 768])
embedding size is torch.Size([509, 768])
embedding size is torch.Size([509, 768])
embedding size is torch.Size([509, 768])
embedding size is torch.Size([509, 768])
embedding size is torch.Size([509, 768])
embedding size is torch.Size([509, 768])
embedding size is torch.Size([509, 768])
embedding size is torch.Size([509, 768])
embedding size is torch.Size([509, 768])
embedding size is torch.Size([509, 768])
embedding size is torch.Size([509, 768])
embedding size is torch.Size([509, 768])
embedding size is torch.Size([509, 768])
embedding size is torch.Size([509, 768])
embedding size is torch.Size([509, 768])
embedding size is torch.Size([509, 768])
embedding size is torch.Size([509, 768])
embedding size is torch.Size([509, 768])
embedding size is torch.Size([509, 768])
embedding size is torch.Size([509, 768])
embedding size is torch.Size([509, 768])
embedding size is torch.Size([509, 768])
embedding size is torch.Size([509, 768])
embedding size is torch.Size([509, 768])
embedding size is torch.Size([509, 768])
embedding size is torch.Size([509, 768])
embedding size is torch.Size([509, 768])
embedding size is torch.Size([509, 768])
embedding size is torch.Size([509, 768])
embedding size is torch.Size([509, 768])
embedding size is torch.Size([509, 768])
embedding size is torch.Size([509, 768])
embedding size is torch.Size([509, 768])
embedding size is torch.Size([509, 768])
embedding size is torch.Size([509, 768])
embedding size is torch.Size([509, 768])
embedding size is torch.Size([509, 768])
embedding size is torch.Size([509, 768])
embedding size is torch.Size([509, 768])
embedding size is torch.Size([509, 768])
embedding size is torch.Size([509, 768])
embedding size is torch.Size([509, 768])
embedding size is torch.Size([509, 768])
embedding size is torch.Size([509, 768])
embedding size is torch.Size([509, 768])
embedding size is torch.Size([509, 768])
embedding size is torch.Size([509, 768])
embedding size is torch.Size([509, 768])
embedding size is torch.Size([509, 768])
embedding size is torch.Size([509, 768])
embedding size is torch.Size([509, 768])
embedding size is torch.Size([509, 768])
embedding size is torch.Size([509, 768])
embedding size is torch.Size([509, 768])
embedding size is torch.Size([509, 768])
embedding size is torch.Size([509, 768])
embedding size is torch.Size([509, 768])
embedding size is torch.Size([509, 768])
embedding size is torch.Size([509, 768])
embedding size is torch.Size([509, 768])
embedding size is torch.Size([509, 768])
embedding size is torch.Size([509, 768])
embedding size is torch.Size([509, 768])
embedding size is torch.Size([509, 768])
embedding size is torch.Size([509, 768])
embedding size is torch.Size([509, 768])
embedding size is torch.Size([509, 768])
embedding size is torch.Size([509, 768])
embedding size is torch.Size([509, 768])
embedding size is torch.Size([509, 768])
embedding size is torch.Size([509, 768])
embedding size is torch.Size([509, 768])
embedding size is torch.Size([509, 768])
embedding size is torch.Size([509, 768])
embedding size is torch.Size([509, 768])
embedding size is torch.Size([509, 768])
embedding size is torch.Size([509, 768])
embedding size is torch.Size([509, 768])
embedding size is torch.Size([509, 768])
embedding size is torch.Size([509, 768])
embedding size is torch.Size([509, 768])
embedding size is torch.Size([509, 768])
embedding size is torch.Size([509, 768])
embedding size is torch.Size([509, 768])
embedding size is torch.Size([509, 768])
embedding size is torch.Size([509, 768])
embedding size is torch.Size([509, 768])
embedding size is torch.Size([509, 768])
embedding size is torch.Size([509, 768])
embedding size is torch.Size([509, 768])
embedding size is torch.Size([509, 768])
embedding size is torch.Size([509, 768])
embedding size is torch.Size([509, 768])
embedding size is torch.Size([509, 768])
embedding size is torch.Size([509, 768])
embedding size is torch.Size([509, 768])
embedding size is torch.Size([509, 768])
embedding size is torch.Size([509, 768])
embedding size is torch.Size([509, 768])
embedding size is torch.Size([509, 768])
embedding size is torch.Size([509, 768])
embedding size is torch.Size([509, 768])
embedding size is torch.Size([509, 768])
embedding size is torch.Size([509, 768])
embedding size is torch.Size([509, 768])
embedding size is torch.Size([509, 768])
embedding size is torch.Size([509, 768])
embedding size is torch.Size([509, 768])
embedding size is torch.Size([509, 768])
embedding size is torch.Size([509, 768])
embedding size is torch.Size([509, 768])
embedding size is torch.Size([509, 768])
embedding size is torch.Size([509, 768])
embedding size is torch.Size([509, 768])
embedding size is torch.Size([509, 768])
embedding size is torch.Size([509, 768])
embedding size is torch.Size([509, 768])
embedding size is torch.Size([509, 768])
embedding size is torch.Size([509, 768])
embedding size is torch.Size([509, 768])
embedding size is torch.Size([509, 768])
embedding size is torch.Size([509, 768])
embedding size is torch.Size([509, 768])
embedding size is torch.Size([509, 768])
embedding size is torch.Size([509, 768])
embedding size is torch.Size([509, 768])
embedding size is torch.Size([509, 768])
embedding size is torch.Size([509, 768])
embedding size is torch.Size([509, 768])
embedding size is torch.Size([509, 768])
embedding size is torch.Size([509, 768])
embedding size is torch.Size([509, 768])
embedding size is torch.Size([509, 768])
embedding size is torch.Size([509, 768])
embedding size is torch.Size([509, 768])
embedding size is torch.Size([509, 768])
embedding size is torch.Size([509, 768])
embedding size is torch.Size([509, 768])
embedding size is torch.Size([509, 768])
embedding size is torch.Size([509, 768])
embedding size is torch.Size([509, 768])
embedding size is torch.Size([509, 768])
embedding size is torch.Size([509, 768])
embedding size is torch.Size([509, 768])
embedding size is torch.Size([509, 768])
embedding size is torch.Size([509, 768])
embedding size is torch.Size([509, 768])
embedding size is torch.Size([509, 768])
embedding size is torch.Size([509, 768])
embedding size is torch.Size([509, 768])
embedding size is torch.Size([509, 768])
embedding size is torch.Size([509, 768])
embedding size is torch.Size([509, 768])
embedding size is torch.Size([509, 768])
embedding size is torch.Size([509, 768])
embedding size is torch.Size([509, 768])
embedding size is torch.Size([509, 768])
embedding size is torch.Size([509, 768])
embedding size is torch.Size([509, 768])
embedding size is torch.Size([509, 768])
embedding size is torch.Size([509, 768])
embedding size is torch.Size([509, 768])
embedding size is torch.Size([509, 768])
embedding size is torch.Size([509, 768])
embedding size is torch.Size([509, 768])
embedding size is torch.Size([509, 768])
embedding size is torch.Size([509, 768])
embedding size is torch.Size([509, 768])
embedding size is torch.Size([509, 768])
embedding size is torch.Size([509, 768])
embedding size is torch.Size([509, 768])
embedding size is torch.Size([509, 768])
embedding size is torch.Size([509, 768])
embedding size is torch.Size([509, 768])
embedding size is torch.Size([509, 768])
embedding size is torch.Size([509, 768])
embedding size is torch.Size([509, 768])
embedding size is torch.Size([509, 768])
embedding size is torch.Size([509, 768])
embedding size is torch.Size([509, 768])
embedding size is torch.Size([509, 768])
embedding size is torch.Size([509, 768])
embedding size is torch.Size([509, 768])
embedding size is torch.Size([509, 768])
embedding size is torch.Size([509, 768])
embedding size is torch.Size([509, 768])
embedding size is torch.Size([509, 768])
embedding size is torch.Size([509, 768])
embedding size is torch.Size([509, 768])
embedding size is torch.Size([509, 768])
embedding size is torch.Size([509, 768])
embedding size is torch.Size([509, 768])
embedding size is torch.Size([509, 768])
embedding size is torch.Size([509, 768])
embedding size is torch.Size([509, 768])
embedding size is torch.Size([509, 768])
embedding size is torch.Size([509, 768])
embedding size is torch.Size([509, 768])
embedding size is torch.Size([509, 768])
embedding size is torch.Size([509, 768])
embedding size is torch.Size([509, 768])
embedding size is torch.Size([509, 768])
embedding size is torch.Size([509, 768])
embedding size is torch.Size([509, 768])
embedding size is torch.Size([509, 768])
embedding size is torch.Size([509, 768])
embedding size is torch.Size([509, 768])
embedding size is torch.Size([509, 768])
embedding size is torch.Size([509, 768])
embedding size is torch.Size([509, 768])
embedding size is torch.Size([509, 768])
embedding size is torch.Size([509, 768])
embedding size is torch.Size([509, 768])
embedding size is torch.Size([509, 768])
embedding size is torch.Size([509, 768])
embedding size is torch.Size([509, 768])
embedding size is torch.Size([509, 768])
embedding size is torch.Size([509, 768])
embedding size is torch.Size([509, 768])
embedding size is torch.Size([509, 768])
embedding size is torch.Size([509, 768])
embedding size is torch.Size([509, 768])
embedding size is torch.Size([509, 768])
embedding size is torch.Size([509, 768])
embedding size is torch.Size([509, 768])
embedding size is torch.Size([509, 768])
embedding size is torch.Size([509, 768])
embedding size is torch.Size([509, 768])
embedding size is torch.Size([509, 768])
embedding size is torch.Size([509, 768])
embedding size is torch.Size([509, 768])
embedding size is torch.Size([509, 768])
embedding size is torch.Size([509, 768])
embedding size is torch.Size([509, 768])
embedding size is torch.Size([509, 768])
embedding size is torch.Size([509, 768])
embedding size is torch.Size([509, 768])
embedding size is torch.Size([509, 768])
embedding size is torch.Size([509, 768])
embedding size is torch.Size([509, 768])
embedding size is torch.Size([509, 768])
embedding size is torch.Size([509, 768])
embedding size is torch.Size([509, 768])
embedding size is torch.Size([509, 768])
embedding size is torch.Size([509, 768])
embedding size is torch.Size([509, 768])
embedding size is torch.Size([509, 768])
embedding size is torch.Size([509, 768])
embedding size is torch.Size([509, 768])
embedding size is torch.Size([509, 768])
embedding size is torch.Size([509, 768])
embedding size is torch.Size([509, 768])
embedding size is torch.Size([509, 768])
embedding size is torch.Size([509, 768])
embedding size is torch.Size([509, 768])
embedding size is torch.Size([509, 768])
embedding size is torch.Size([509, 768])
embedding size is torch.Size([509, 768])
embedding size is torch.Size([509, 768])
embedding size is torch.Size([509, 768])
embedding size is torch.Size([509, 768])
embedding size is torch.Size([509, 768])
embedding size is torch.Size([509, 768])
embedding size is torch.Size([509, 768])
embedding size is torch.Size([509, 768])
embedding size is torch.Size([509, 768])
embedding size is torch.Size([509, 768])
embedding size is torch.Size([509, 768])
embedding size is torch.Size([509, 768])
embedding size is torch.Size([509, 768])
embedding size is torch.Size([509, 768])
embedding size is torch.Size([509, 768])
embedding size is torch.Size([509, 768])
embedding size is torch.Size([509, 768])
embedding size is torch.Size([509, 768])
embedding size is torch.Size([509, 768])
embedding size is torch.Size([509, 768])
embedding size is torch.Size([509, 768])
embedding size is torch.Size([509, 768])
embedding size is torch.Size([509, 768])
embedding size is torch.Size([509, 768])
embedding size is torch.Size([509, 768])
embedding size is torch.Size([509, 768])
embedding size is torch.Size([509, 768])
embedding size is torch.Size([509, 768])
embedding size is torch.Size([509, 768])
embedding size is torch.Size([509, 768])
embedding size is torch.Size([509, 768])
embedding size is torch.Size([509, 768])
embedding size is torch.Size([509, 768])
embedding size is torch.Size([509, 768])
embedding size is torch.Size([509, 768])
embedding size is torch.Size([509, 768])
embedding size is torch.Size([509, 768])
embedding size is torch.Size([509, 768])
embedding size is torch.Size([509, 768])
embedding size is torch.Size([509, 768])
embedding size is torch.Size([509, 768])
embedding size is torch.Size([509, 768])
embedding size is torch.Size([509, 768])
embedding size is torch.Size([509, 768])
embedding size is torch.Size([509, 768])
embedding size is torch.Size([509, 768])
embedding size is torch.Size([509, 768])
embedding size is torch.Size([509, 768])
embedding size is torch.Size([509, 768])
embedding size is torch.Size([509, 768])
embedding size is torch.Size([509, 768])
embedding size is torch.Size([509, 768])
embedding size is torch.Size([509, 768])
embedding size is torch.Size([509, 768])
embedding size is torch.Size([509, 768])
embedding size is torch.Size([509, 768])
embedding size is torch.Size([509, 768])
embedding size is torch.Size([509, 768])
embedding size is torch.Size([509, 768])
embedding size is torch.Size([509, 768])
embedding size is torch.Size([509, 768])
embedding size is torch.Size([509, 768])
embedding size is torch.Size([509, 768])
embedding size is torch.Size([509, 768])
embedding size is torch.Size([509, 768])
embedding size is torch.Size([509, 768])
embedding size is torch.Size([509, 768])
embedding size is torch.Size([509, 768])
embedding size is torch.Size([509, 768])
embedding size is torch.Size([509, 768])
embedding size is torch.Size([509, 768])
embedding size is torch.Size([509, 768])
embedding size is torch.Size([509, 768])
embedding size is torch.Size([509, 768])
embedding size is torch.Size([509, 768])
embedding size is torch.Size([509, 768])
embedding size is torch.Size([509, 768])
embedding size is torch.Size([509, 768])
embedding size is torch.Size([509, 768])
embedding size is torch.Size([509, 768])
embedding size is torch.Size([509, 768])
embedding size is torch.Size([509, 768])
embedding size is torch.Size([509, 768])
embedding size is torch.Size([509, 768])
embedding size is torch.Size([509, 768])
embedding size is torch.Size([509, 768])
embedding size is torch.Size([509, 768])
embedding size is torch.Size([509, 768])
embedding size is torch.Size([509, 768])
embedding size is torch.Size([509, 768])
embedding size is torch.Size([509, 768])
embedding size is torch.Size([509, 768])
embedding size is torch.Size([509, 768])
embedding size is torch.Size([509, 768])
embedding size is torch.Size([509, 768])
embedding size is torch.Size([509, 768])
embedding size is torch.Size([509, 768])
embedding size is torch.Size([509, 768])
embedding size is torch.Size([509, 768])
embedding size is torch.Size([509, 768])
embedding size is torch.Size([509, 768])
embedding size is torch.Size([509, 768])
embedding size is torch.Size([509, 768])
embedding size is torch.Size([509, 768])
embedding size is torch.Size([509, 768])
embedding size is torch.Size([509, 768])
embedding size is torch.Size([509, 768])
embedding size is torch.Size([509, 768])
embedding size is torch.Size([509, 768])
embedding size is torch.Size([509, 768])
embedding size is torch.Size([509, 768])
embedding size is torch.Size([509, 768])
embedding size is torch.Size([509, 768])
embedding size is torch.Size([509, 768])
embedding size is torch.Size([509, 768])
embedding size is torch.Size([509, 768])
embedding size is torch.Size([509, 768])
embedding size is torch.Size([509, 768])
embedding size is torch.Size([509, 768])
embedding size is torch.Size([509, 768])
embedding size is torch.Size([509, 768])
embedding size is torch.Size([509, 768])
embedding size is torch.Size([509, 768])
embedding size is torch.Size([509, 768])
embedding size is torch.Size([509, 768])
embedding size is torch.Size([509, 768])
embedding size is torch.Size([509, 768])
embedding size is torch.Size([509, 768])
embedding size is torch.Size([509, 768])
embedding size is torch.Size([509, 768])
embedding size is torch.Size([509, 768])
embedding size is torch.Size([509, 768])
embedding size is torch.Size([509, 768])
embedding size is torch.Size([509, 768])
embedding size is torch.Size([509, 768])
embedding size is torch.Size([509, 768])
embedding size is torch.Size([509, 768])
embedding size is torch.Size([509, 768])
embedding size is torch.Size([509, 768])
embedding size is torch.Size([509, 768])
embedding size is torch.Size([509, 768])
embedding size is torch.Size([509, 768])
embedding size is torch.Size([509, 768])
embedding size is torch.Size([509, 768])
embedding size is torch.Size([509, 768])
embedding size is torch.Size([509, 768])
embedding size is torch.Size([509, 768])
embedding size is torch.Size([509, 768])
embedding size is torch.Size([509, 768])
embedding size is torch.Size([509, 768])
embedding size is torch.Size([509, 768])
embedding size is torch.Size([509, 768])
embedding size is torch.Size([509, 768])
embedding size is torch.Size([509, 768])
embedding size is torch.Size([509, 768])
embedding size is torch.Size([509, 768])
embedding size is torch.Size([509, 768])
embedding size is torch.Size([509, 768])
embedding size is torch.Size([509, 768])
embedding size is torch.Size([509, 768])
embedding size is torch.Size([509, 768])
embedding size is torch.Size([509, 768])
embedding size is torch.Size([509, 768])
embedding size is torch.Size([509, 768])
embedding size is torch.Size([509, 768])
embedding size is torch.Size([509, 768])
embedding size is torch.Size([509, 768])
embedding size is torch.Size([509, 768])
embedding size is torch.Size([509, 768])
embedding size is torch.Size([509, 768])
embedding size is torch.Size([509, 768])
embedding size is torch.Size([509, 768])
embedding size is torch.Size([509, 768])
embedding size is torch.Size([509, 768])
embedding size is torch.Size([509, 768])
embedding size is torch.Size([509, 768])
embedding size is torch.Size([509, 768])
embedding size is torch.Size([509, 768])
embedding size is torch.Size([509, 768])
embedding size is torch.Size([509, 768])
embedding size is torch.Size([509, 768])
embedding size is torch.Size([509, 768])
embedding size is torch.Size([509, 768])
embedding size is torch.Size([509, 768])
embedding size is torch.Size([509, 768])
embedding size is torch.Size([509, 768])
embedding size is torch.Size([509, 768])
embedding size is torch.Size([509, 768])
embedding size is torch.Size([509, 768])
embedding size is torch.Size([509, 768])
embedding size is torch.Size([509, 768])
embedding size is torch.Size([509, 768])
embedding size is torch.Size([509, 768])
embedding size is torch.Size([509, 768])
embedding size is torch.Size([509, 768])
embedding size is torch.Size([509, 768])
embedding size is torch.Size([509, 768])
embedding size is torch.Size([509, 768])
embedding size is torch.Size([509, 768])
embedding size is torch.Size([509, 768])
embedding size is torch.Size([509, 768])
embedding size is torch.Size([509, 768])
embedding size is torch.Size([509, 768])
embedding size is torch.Size([509, 768])
embedding size is torch.Size([509, 768])
embedding size is torch.Size([509, 768])
embedding size is torch.Size([509, 768])
embedding size is torch.Size([509, 768])
embedding size is torch.Size([509, 768])
embedding size is torch.Size([509, 768])
embedding size is torch.Size([509, 768])
embedding size is torch.Size([509, 768])
embedding size is torch.Size([509, 768])
embedding size is torch.Size([509, 768])
embedding size is torch.Size([509, 768])
embedding size is torch.Size([509, 768])
embedding size is torch.Size([509, 768])
embedding size is torch.Size([509, 768])
embedding size is torch.Size([509, 768])
embedding size is torch.Size([509, 768])
embedding size is torch.Size([509, 768])
embedding size is torch.Size([509, 768])
embedding size is torch.Size([509, 768])
embedding size is torch.Size([509, 768])
embedding size is torch.Size([509, 768])
embedding size is torch.Size([509, 768])
embedding size is torch.Size([509, 768])
embedding size is torch.Size([509, 768])
embedding size is torch.Size([509, 768])
embedding size is torch.Size([509, 768])
embedding size is torch.Size([509, 768])
embedding size is torch.Size([509, 768])
embedding size is torch.Size([509, 768])
embedding size is torch.Size([509, 768])
embedding size is torch.Size([509, 768])
embedding size is torch.Size([509, 768])
embedding size is torch.Size([509, 768])
embedding size is torch.Size([509, 768])
embedding size is torch.Size([509, 768])
embedding size is torch.Size([509, 768])
embedding size is torch.Size([509, 768])
embedding size is torch.Size([509, 768])
embedding size is torch.Size([509, 768])
embedding size is torch.Size([509, 768])
embedding size is torch.Size([509, 768])
embedding size is torch.Size([509, 768])
embedding size is torch.Size([509, 768])
embedding size is torch.Size([509, 768])
embedding size is torch.Size([509, 768])
embedding size is torch.Size([509, 768])
embedding size is torch.Size([509, 768])
embedding size is torch.Size([509, 768])
embedding size is torch.Size([509, 768])
embedding size is torch.Size([509, 768])
embedding size is torch.Size([509, 768])
embedding size is torch.Size([509, 768])
embedding size is torch.Size([509, 768])
embedding size is torch.Size([509, 768])
embedding size is torch.Size([509, 768])
embedding size is torch.Size([509, 768])
embedding size is torch.Size([509, 768])
embedding size is torch.Size([509, 768])
embedding size is torch.Size([509, 768])
embedding size is torch.Size([509, 768])
embedding size is torch.Size([509, 768])
embedding size is torch.Size([509, 768])
embedding size is torch.Size([509, 768])
embedding size is torch.Size([509, 768])
embedding size is torch.Size([509, 768])
embedding size is torch.Size([509, 768])
embedding size is torch.Size([509, 768])
embedding size is torch.Size([509, 768])
embedding size is torch.Size([509, 768])
embedding size is torch.Size([509, 768])
embedding size is torch.Size([509, 768])
embedding size is torch.Size([509, 768])
embedding size is torch.Size([509, 768])
embedding size is torch.Size([509, 768])
embedding size is torch.Size([509, 768])
embedding size is torch.Size([509, 768])
embedding size is torch.Size([509, 768])
embedding size is torch.Size([509, 768])
embedding size is torch.Size([509, 768])
embedding size is torch.Size([509, 768])
embedding size is torch.Size([509, 768])
embedding size is torch.Size([509, 768])
embedding size is torch.Size([509, 768])
embedding size is torch.Size([509, 768])
embedding size is torch.Size([509, 768])
embedding size is torch.Size([509, 768])
embedding size is torch.Size([509, 768])
embedding size is torch.Size([509, 768])
embedding size is torch.Size([509, 768])
embedding size is torch.Size([509, 768])
embedding size is torch.Size([509, 768])
embedding size is torch.Size([509, 768])
embedding size is torch.Size([509, 768])
embedding size is torch.Size([509, 768])
embedding size is torch.Size([509, 768])
embedding size is torch.Size([509, 768])
embedding size is torch.Size([509, 768])
embedding size is torch.Size([509, 768])
embedding size is torch.Size([509, 768])
embedding size is torch.Size([509, 768])
embedding size is torch.Size([509, 768])
embedding size is torch.Size([509, 768])
embedding size is torch.Size([509, 768])
embedding size is torch.Size([509, 768])
embedding size is torch.Size([509, 768])
embedding size is torch.Size([509, 768])
embedding size is torch.Size([509, 768])
embedding size is torch.Size([509, 768])
embedding size is torch.Size([509, 768])
embedding size is torch.Size([509, 768])
embedding size is torch.Size([509, 768])
embedding size is torch.Size([509, 768])
embedding size is torch.Size([509, 768])
embedding size is torch.Size([509, 768])
embedding size is torch.Size([509, 768])
embedding size is torch.Size([509, 768])
embedding size is torch.Size([509, 768])
embedding size is torch.Size([509, 768])
embedding size is torch.Size([509, 768])
embedding size is torch.Size([509, 768])
embedding size is torch.Size([509, 768])
embedding size is torch.Size([509, 768])
embedding size is torch.Size([509, 768])
embedding size is torch.Size([509, 768])
embedding size is torch.Size([509, 768])
embedding size is torch.Size([509, 768])
embedding size is torch.Size([509, 768])
embedding size is torch.Size([509, 768])
embedding size is torch.Size([509, 768])
embedding size is torch.Size([509, 768])
embedding size is torch.Size([509, 768])
embedding size is torch.Size([509, 768])
embedding size is torch.Size([509, 768])
embedding size is torch.Size([509, 768])
embedding size is torch.Size([509, 768])
embedding size is torch.Size([509, 768])
embedding size is torch.Size([509, 768])
embedding size is torch.Size([509, 768])
embedding size is torch.Size([509, 768])
embedding size is torch.Size([509, 768])
embedding size is torch.Size([509, 768])
embedding size is torch.Size([509, 768])
embedding size is torch.Size([509, 768])
embedding size is torch.Size([509, 768])
embedding size is torch.Size([509, 768])
embedding size is torch.Size([509, 768])
embedding size is torch.Size([509, 768])
embedding size is torch.Size([509, 768])
embedding size is torch.Size([509, 768])
embedding size is torch.Size([509, 768])
embedding size is torch.Size([509, 768])
embedding size is torch.Size([509, 768])
embedding size is torch.Size([509, 768])
embedding size is torch.Size([509, 768])
embedding size is torch.Size([509, 768])
embedding size is torch.Size([509, 768])
embedding size is torch.Size([509, 768])
embedding size is torch.Size([509, 768])
embedding size is torch.Size([509, 768])
embedding size is torch.Size([509, 768])
embedding size is torch.Size([509, 768])
embedding size is torch.Size([509, 768])
embedding size is torch.Size([509, 768])
embedding size is torch.Size([509, 768])
embedding size is torch.Size([509, 768])
embedding size is torch.Size([509, 768])
embedding size is torch.Size([509, 768])
embedding size is torch.Size([509, 768])
embedding size is torch.Size([509, 768])
embedding size is torch.Size([509, 768])
embedding size is torch.Size([509, 768])
embedding size is torch.Size([509, 768])
embedding size is torch.Size([509, 768])
embedding size is torch.Size([509, 768])
embedding size is torch.Size([509, 768])
embedding size is torch.Size([509, 768])
embedding size is torch.Size([509, 768])
embedding size is torch.Size([509, 768])
embedding size is torch.Size([509, 768])
embedding size is torch.Size([509, 768])
embedding size is torch.Size([509, 768])
embedding size is torch.Size([509, 768])
embedding size is torch.Size([509, 768])
embedding size is torch.Size([509, 768])
embedding size is torch.Size([509, 768])
embedding size is torch.Size([509, 768])
embedding size is torch.Size([509, 768])
embedding size is torch.Size([509, 768])
embedding size is torch.Size([509, 768])
embedding size is torch.Size([509, 768])
embedding size is torch.Size([509, 768])
embedding size is torch.Size([509, 768])
embedding size is torch.Size([509, 768])
embedding size is torch.Size([509, 768])
embedding size is torch.Size([509, 768])
embedding size is torch.Size([509, 768])
embedding size is torch.Size([509, 768])
embedding size is torch.Size([509, 768])
embedding size is torch.Size([509, 768])
embedding size is torch.Size([509, 768])
embedding size is torch.Size([509, 768])
embedding size is torch.Size([509, 768])
embedding size is torch.Size([509, 768])
embedding size is torch.Size([509, 768])
embedding size is torch.Size([509, 768])
embedding size is torch.Size([509, 768])
embedding size is torch.Size([509, 768])
embedding size is torch.Size([509, 768])
embedding size is torch.Size([509, 768])
embedding size is torch.Size([509, 768])
embedding size is torch.Size([509, 768])
embedding size is torch.Size([509, 768])
embedding size is torch.Size([509, 768])
embedding size is torch.Size([509, 768])
embedding size is torch.Size([509, 768])
embedding size is torch.Size([509, 768])
embedding size is torch.Size([509, 768])
embedding size is torch.Size([509, 768])
embedding size is torch.Size([509, 768])
embedding size is torch.Size([509, 768])
embedding size is torch.Size([509, 768])
embedding size is torch.Size([509, 768])
embedding size is torch.Size([509, 768])
embedding size is torch.Size([509, 768])
embedding size is torch.Size([509, 768])
embedding size is torch.Size([509, 768])
embedding size is torch.Size([509, 768])
embedding size is torch.Size([509, 768])
embedding size is torch.Size([509, 768])
embedding size is torch.Size([509, 768])
embedding size is torch.Size([509, 768])
embedding size is torch.Size([509, 768])
embedding size is torch.Size([509, 768])
embedding size is torch.Size([509, 768])
embedding size is torch.Size([509, 768])
embedding size is torch.Size([509, 768])
embedding size is torch.Size([509, 768])
embedding size is torch.Size([509, 768])
embedding size is torch.Size([509, 768])
embedding size is torch.Size([509, 768])
embedding size is torch.Size([509, 768])
embedding size is torch.Size([509, 768])
embedding size is torch.Size([509, 768])
embedding size is torch.Size([509, 768])
embedding size is torch.Size([509, 768])
embedding size is torch.Size([509, 768])
embedding size is torch.Size([509, 768])
embedding size is torch.Size([509, 768])
embedding size is torch.Size([509, 768])
embedding size is torch.Size([509, 768])
embedding size is torch.Size([509, 768])
embedding size is torch.Size([509, 768])
embedding size is torch.Size([509, 768])
embedding size is torch.Size([509, 768])
embedding size is torch.Size([509, 768])
embedding size is torch.Size([509, 768])
embedding size is torch.Size([509, 768])
embedding size is torch.Size([509, 768])
embedding size is torch.Size([509, 768])
embedding size is torch.Size([509, 768])
embedding size is torch.Size([509, 768])
embedding size is torch.Size([509, 768])
embedding size is torch.Size([509, 768])
embedding size is torch.Size([509, 768])
embedding size is torch.Size([509, 768])
embedding size is torch.Size([509, 768])
embedding size is torch.Size([509, 768])
embedding size is torch.Size([509, 768])
embedding size is torch.Size([509, 768])
embedding size is torch.Size([509, 768])
embedding size is torch.Size([509, 768])
embedding size is torch.Size([509, 768])
embedding size is torch.Size([509, 768])
embedding size is torch.Size([509, 768])
embedding size is torch.Size([509, 768])
embedding size is torch.Size([509, 768])
embedding size is torch.Size([509, 768])
embedding size is torch.Size([509, 768])
embedding size is torch.Size([509, 768])
embedding size is torch.Size([509, 768])
embedding size is torch.Size([509, 768])
embedding size is torch.Size([509, 768])
embedding size is torch.Size([509, 768])
embedding size is torch.Size([509, 768])
embedding size is torch.Size([509, 768])
embedding size is torch.Size([509, 768])
embedding size is torch.Size([509, 768])
embedding size is torch.Size([509, 768])
embedding size is torch.Size([509, 768])
embedding size is torch.Size([509, 768])
embedding size is torch.Size([509, 768])
embedding size is torch.Size([509, 768])
embedding size is torch.Size([509, 768])
embedding size is torch.Size([509, 768])
embedding size is torch.Size([509, 768])
embedding size is torch.Size([509, 768])
embedding size is torch.Size([509, 768])
embedding size is torch.Size([509, 768])
embedding size is torch.Size([509, 768])
embedding size is torch.Size([509, 768])
embedding size is torch.Size([509, 768])
embedding size is torch.Size([509, 768])
embedding size is torch.Size([509, 768])
embedding size is torch.Size([509, 768])
embedding size is torch.Size([509, 768])
embedding size is torch.Size([509, 768])
embedding size is torch.Size([509, 768])
embedding size is torch.Size([509, 768])
embedding size is torch.Size([509, 768])
embedding size is torch.Size([509, 768])
embedding size is torch.Size([509, 768])
embedding size is torch.Size([509, 768])
embedding size is torch.Size([509, 768])
embedding size is torch.Size([509, 768])
embedding size is torch.Size([509, 768])
embedding size is torch.Size([509, 768])
embedding size is torch.Size([509, 768])
embedding size is torch.Size([509, 768])
embedding size is torch.Size([509, 768])
embedding size is torch.Size([509, 768])
embedding size is torch.Size([509, 768])
embedding size is torch.Size([509, 768])
embedding size is torch.Size([509, 768])
embedding size is torch.Size([509, 768])
embedding size is torch.Size([509, 768])
embedding size is torch.Size([509, 768])
embedding size is torch.Size([509, 768])
embedding size is torch.Size([509, 768])
embedding size is torch.Size([509, 768])
embedding size is torch.Size([509, 768])
embedding size is torch.Size([509, 768])
embedding size is torch.Size([509, 768])
embedding size is torch.Size([509, 768])
embedding size is torch.Size([509, 768])
embedding size is torch.Size([509, 768])
embedding size is torch.Size([509, 768])
embedding size is torch.Size([509, 768])
embedding size is torch.Size([509, 768])
embedding size is torch.Size([509, 768])
embedding size is torch.Size([509, 768])
embedding size is torch.Size([509, 768])
embedding size is torch.Size([509, 768])
embedding size is torch.Size([509, 768])
embedding size is torch.Size([509, 768])
embedding size is torch.Size([509, 768])
embedding size is torch.Size([509, 768])
embedding size is torch.Size([509, 768])
embedding size is torch.Size([509, 768])
embedding size is torch.Size([509, 768])
embedding size is torch.Size([509, 768])
embedding size is torch.Size([509, 768])
embedding size is torch.Size([509, 768])
embedding size is torch.Size([509, 768])
embedding size is torch.Size([509, 768])
embedding size is torch.Size([509, 768])
embedding size is torch.Size([509, 768])
embedding size is torch.Size([509, 768])
embedding size is torch.Size([509, 768])
embedding size is torch.Size([509, 768])
embedding size is torch.Size([509, 768])
embedding size is torch.Size([509, 768])
embedding size is torch.Size([509, 768])
embedding size is torch.Size([509, 768])
embedding size is torch.Size([509, 768])
embedding size is torch.Size([509, 768])
embedding size is torch.Size([509, 768])
embedding size is torch.Size([509, 768])
embedding size is torch.Size([509, 768])
embedding size is torch.Size([509, 768])
embedding size is torch.Size([509, 768])
embedding size is torch.Size([509, 768])
embedding size is torch.Size([509, 768])
embedding size is torch.Size([509, 768])
embedding size is torch.Size([509, 768])
embedding size is torch.Size([509, 768])
embedding size is torch.Size([509, 768])
embedding size is torch.Size([509, 768])
embedding size is torch.Size([509, 768])
embedding size is torch.Size([509, 768])
embedding size is torch.Size([509, 768])
embedding size is torch.Size([509, 768])
embedding size is torch.Size([509, 768])
embedding size is torch.Size([509, 768])
embedding size is torch.Size([509, 768])
embedding size is torch.Size([509, 768])
embedding size is torch.Size([509, 768])
embedding size is torch.Size([509, 768])
embedding size is torch.Size([509, 768])
embedding size is torch.Size([509, 768])
embedding size is torch.Size([509, 768])
embedding size is torch.Size([509, 768])
embedding size is torch.Size([509, 768])
embedding size is torch.Size([509, 768])
embedding size is torch.Size([509, 768])
embedding size is torch.Size([509, 768])
embedding size is torch.Size([509, 768])
embedding size is torch.Size([509, 768])
embedding size is torch.Size([509, 768])
embedding size is torch.Size([509, 768])
embedding size is torch.Size([509, 768])
embedding size is torch.Size([509, 768])
embedding size is torch.Size([509, 768])
embedding size is torch.Size([509, 768])
embedding size is torch.Size([509, 768])
embedding size is torch.Size([509, 768])
embedding size is torch.Size([509, 768])
embedding size is torch.Size([509, 768])
embedding size is torch.Size([509, 768])
embedding size is torch.Size([509, 768])
embedding size is torch.Size([509, 768])
embedding size is torch.Size([509, 768])
embedding size is torch.Size([509, 768])
embedding size is torch.Size([509, 768])
embedding size is torch.Size([509, 768])
embedding size is torch.Size([509, 768])
embedding size is torch.Size([509, 768])
embedding size is torch.Size([509, 768])
embedding size is torch.Size([509, 768])
embedding size is torch.Size([509, 768])
embedding size is torch.Size([509, 768])
embedding size is torch.Size([509, 768])
embedding size is torch.Size([509, 768])
embedding size is torch.Size([509, 768])
embedding size is torch.Size([509, 768])
embedding size is torch.Size([509, 768])
embedding size is torch.Size([509, 768])
embedding size is torch.Size([509, 768])
embedding size is torch.Size([509, 768])
embedding size is torch.Size([509, 768])
embedding size is torch.Size([509, 768])
embedding size is torch.Size([509, 768])
embedding size is torch.Size([509, 768])
embedding size is torch.Size([509, 768])
embedding size is torch.Size([509, 768])
embedding size is torch.Size([509, 768])
embedding size is torch.Size([509, 768])
embedding size is torch.Size([509, 768])
embedding size is torch.Size([509, 768])
embedding size is torch.Size([509, 768])
embedding size is torch.Size([509, 768])
embedding size is torch.Size([509, 768])
embedding size is torch.Size([509, 768])
embedding size is torch.Size([509, 768])
embedding size is torch.Size([509, 768])
embedding size is torch.Size([509, 768])
embedding size is torch.Size([509, 768])
embedding size is torch.Size([509, 768])
embedding size is torch.Size([509, 768])
embedding size is torch.Size([509, 768])
embedding size is torch.Size([509, 768])
embedding size is torch.Size([509, 768])
embedding size is torch.Size([509, 768])
embedding size is torch.Size([509, 768])
embedding size is torch.Size([509, 768])
embedding size is torch.Size([509, 768])
embedding size is torch.Size([509, 768])
embedding size is torch.Size([509, 768])
embedding size is torch.Size([509, 768])
embedding size is torch.Size([509, 768])
embedding size is torch.Size([509, 768])
embedding size is torch.Size([509, 768])
embedding size is torch.Size([509, 768])
embedding size is torch.Size([509, 768])
embedding size is torch.Size([509, 768])
embedding size is torch.Size([509, 768])
embedding size is torch.Size([509, 768])
embedding size is torch.Size([509, 768])
embedding size is torch.Size([509, 768])
embedding size is torch.Size([509, 768])
embedding size is torch.Size([509, 768])
embedding size is torch.Size([509, 768])
embedding size is torch.Size([509, 768])
embedding size is torch.Size([509, 768])
embedding size is torch.Size([509, 768])
embedding size is torch.Size([509, 768])
embedding size is torch.Size([509, 768])
embedding size is torch.Size([509, 768])
embedding size is torch.Size([509, 768])
embedding size is torch.Size([509, 768])
embedding size is torch.Size([509, 768])
embedding size is torch.Size([509, 768])
embedding size is torch.Size([509, 768])
embedding size is torch.Size([509, 768])
embedding size is torch.Size([509, 768])
embedding size is torch.Size([509, 768])
embedding size is torch.Size([509, 768])
embedding size is torch.Size([509, 768])
embedding size is torch.Size([509, 768])
embedding size is torch.Size([509, 768])
embedding size is torch.Size([509, 768])
embedding size is torch.Size([509, 768])
embedding size is torch.Size([509, 768])
embedding size is torch.Size([509, 768])
embedding size is torch.Size([509, 768])
embedding size is torch.Size([509, 768])
embedding size is torch.Size([509, 768])
embedding size is torch.Size([509, 768])
embedding size is torch.Size([509, 768])
embedding size is torch.Size([509, 768])
embedding size is torch.Size([509, 768])
embedding size is torch.Size([509, 768])
embedding size is torch.Size([509, 768])
embedding size is torch.Size([509, 768])
embedding size is torch.Size([509, 768])
embedding size is torch.Size([509, 768])
embedding size is torch.Size([509, 768])
embedding size is torch.Size([509, 768])
embedding size is torch.Size([509, 768])
embedding size is torch.Size([509, 768])
embedding size is torch.Size([509, 768])
embedding size is torch.Size([509, 768])
embedding size is torch.Size([509, 768])
embedding size is torch.Size([509, 768])
embedding size is torch.Size([509, 768])
embedding size is torch.Size([509, 768])
embedding size is torch.Size([509, 768])
embedding size is torch.Size([509, 768])
embedding size is torch.Size([509, 768])
embedding size is torch.Size([509, 768])
embedding size is torch.Size([509, 768])
embedding size is torch.Size([509, 768])
embedding size is torch.Size([509, 768])
embedding size is torch.Size([509, 768])
embedding size is torch.Size([509, 768])
embedding size is torch.Size([509, 768])
embedding size is torch.Size([509, 768])
embedding size is torch.Size([509, 768])
embedding size is torch.Size([509, 768])
embedding size is torch.Size([509, 768])
embedding size is torch.Size([509, 768])
embedding size is torch.Size([509, 768])
embedding size is torch.Size([509, 768])
embedding size is torch.Size([509, 768])
embedding size is torch.Size([509, 768])
embedding size is torch.Size([509, 768])
embedding size is torch.Size([509, 768])
embedding size is torch.Size([509, 768])
embedding size is torch.Size([509, 768])
embedding size is torch.Size([509, 768])
embedding size is torch.Size([509, 768])
embedding size is torch.Size([509, 768])
embedding size is torch.Size([509, 768])
embedding size is torch.Size([509, 768])
embedding size is torch.Size([509, 768])
embedding size is torch.Size([509, 768])
embedding size is torch.Size([509, 768])
embedding size is torch.Size([509, 768])
embedding size is torch.Size([509, 768])
embedding size is torch.Size([509, 768])
embedding size is torch.Size([509, 768])
embedding size is torch.Size([509, 768])
embedding size is torch.Size([509, 768])
embedding size is torch.Size([509, 768])
embedding size is torch.Size([509, 768])
embedding size is torch.Size([509, 768])
embedding size is torch.Size([509, 768])
embedding size is torch.Size([509, 768])
embedding size is torch.Size([509, 768])
embedding size is torch.Size([509, 768])
embedding size is torch.Size([509, 768])
embedding size is torch.Size([509, 768])
embedding size is torch.Size([509, 768])
embedding size is torch.Size([509, 768])
embedding size is torch.Size([509, 768])
embedding size is torch.Size([509, 768])
embedding size is torch.Size([509, 768])
embedding size is torch.Size([509, 768])
embedding size is torch.Size([509, 768])
embedding size is torch.Size([509, 768])
embedding size is torch.Size([509, 768])
embedding size is torch.Size([509, 768])
embedding size is torch.Size([509, 768])
embedding size is torch.Size([509, 768])
embedding size is torch.Size([509, 768])
embedding size is torch.Size([509, 768])
embedding size is torch.Size([509, 768])
embedding size is torch.Size([509, 768])
embedding size is torch.Size([509, 768])
embedding size is torch.Size([509, 768])
embedding size is torch.Size([509, 768])
embedding size is torch.Size([509, 768])
embedding size is torch.Size([509, 768])
embedding size is torch.Size([509, 768])
embedding size is torch.Size([509, 768])
embedding size is torch.Size([509, 768])
embedding size is torch.Size([509, 768])
embedding size is torch.Size([509, 768])
embedding size is torch.Size([509, 768])
embedding size is torch.Size([509, 768])
embedding size is torch.Size([509, 768])
embedding size is torch.Size([509, 768])
embedding size is torch.Size([509, 768])
embedding size is torch.Size([509, 768])
embedding size is torch.Size([509, 768])
embedding size is torch.Size([509, 768])
embedding size is torch.Size([509, 768])
embedding size is torch.Size([509, 768])
embedding size is torch.Size([509, 768])
embedding size is torch.Size([509, 768])
embedding size is torch.Size([509, 768])
embedding size is torch.Size([509, 768])
embedding size is torch.Size([509, 768])
embedding size is torch.Size([509, 768])
embedding size is torch.Size([509, 768])
embedding size is torch.Size([509, 768])
embedding size is torch.Size([509, 768])
embedding size is torch.Size([509, 768])
embedding size is torch.Size([509, 768])
embedding size is torch.Size([509, 768])
embedding size is torch.Size([509, 768])
embedding size is torch.Size([509, 768])
embedding size is torch.Size([509, 768])
embedding size is torch.Size([509, 768])
embedding size is torch.Size([509, 768])
embedding size is torch.Size([509, 768])
embedding size is torch.Size([509, 768])
embedding size is torch.Size([509, 768])
embedding size is torch.Size([509, 768])
embedding size is torch.Size([509, 768])
embedding size is torch.Size([509, 768])
embedding size is torch.Size([509, 768])
embedding size is torch.Size([509, 768])
embedding size is torch.Size([509, 768])
embedding size is torch.Size([509, 768])
embedding size is torch.Size([509, 768])
embedding size is torch.Size([509, 768])
embedding size is torch.Size([509, 768])
embedding size is torch.Size([509, 768])
embedding size is torch.Size([509, 768])
embedding size is torch.Size([509, 768])
embedding size is torch.Size([509, 768])
embedding size is torch.Size([509, 768])
embedding size is torch.Size([509, 768])
embedding size is torch.Size([509, 768])
embedding size is torch.Size([509, 768])
embedding size is torch.Size([509, 768])
embedding size is torch.Size([509, 768])
embedding size is torch.Size([509, 768])
embedding size is torch.Size([509, 768])
embedding size is torch.Size([509, 768])
embedding size is torch.Size([509, 768])
embedding size is torch.Size([509, 768])
embedding size is torch.Size([509, 768])
embedding size is torch.Size([509, 768])
embedding size is torch.Size([509, 768])
embedding size is torch.Size([509, 768])
embedding size is torch.Size([509, 768])
embedding size is torch.Size([509, 768])
embedding size is torch.Size([509, 768])
embedding size is torch.Size([509, 768])
embedding size is torch.Size([509, 768])
embedding size is torch.Size([509, 768])
embedding size is torch.Size([509, 768])
embedding size is torch.Size([509, 768])
embedding size is torch.Size([509, 768])
embedding size is torch.Size([509, 768])
embedding size is torch.Size([509, 768])
embedding size is torch.Size([509, 768])
embedding size is torch.Size([509, 768])
embedding size is torch.Size([509, 768])
embedding size is torch.Size([509, 768])
embedding size is torch.Size([509, 768])
embedding size is torch.Size([509, 768])
embedding size is torch.Size([509, 768])
embedding size is torch.Size([509, 768])
embedding size is torch.Size([509, 768])
embedding size is torch.Size([509, 768])
embedding size is torch.Size([509, 768])
embedding size is torch.Size([509, 768])
embedding size is torch.Size([509, 768])
embedding size is torch.Size([509, 768])
embedding size is torch.Size([509, 768])
embedding size is torch.Size([509, 768])
embedding size is torch.Size([509, 768])
embedding size is torch.Size([509, 768])
embedding size is torch.Size([509, 768])
embedding size is torch.Size([509, 768])
embedding size is torch.Size([509, 768])
embedding size is torch.Size([509, 768])
embedding size is torch.Size([509, 768])
embedding size is torch.Size([509, 768])
embedding size is torch.Size([509, 768])
embedding size is torch.Size([509, 768])
embedding size is torch.Size([509, 768])
embedding size is torch.Size([509, 768])
embedding size is torch.Size([509, 768])
embedding size is torch.Size([509, 768])
embedding size is torch.Size([509, 768])
embedding size is torch.Size([509, 768])
embedding size is torch.Size([509, 768])
embedding size is torch.Size([509, 768])
embedding size is torch.Size([509, 768])
embedding size is torch.Size([509, 768])
embedding size is torch.Size([509, 768])
embedding size is torch.Size([509, 768])
embedding size is torch.Size([509, 768])
embedding size is torch.Size([509, 768])
embedding size is torch.Size([509, 768])
embedding size is torch.Size([509, 768])
embedding size is torch.Size([509, 768])
embedding size is torch.Size([509, 768])
embedding size is torch.Size([509, 768])
embedding size is torch.Size([509, 768])
embedding size is torch.Size([509, 768])
embedding size is torch.Size([509, 768])
embedding size is torch.Size([509, 768])
embedding size is torch.Size([509, 768])
embedding size is torch.Size([509, 768])
embedding size is torch.Size([509, 768])
embedding size is torch.Size([509, 768])
embedding size is torch.Size([509, 768])
embedding size is torch.Size([509, 768])
embedding size is torch.Size([509, 768])
embedding size is torch.Size([509, 768])
embedding size is torch.Size([509, 768])
embedding size is torch.Size([509, 768])
embedding size is torch.Size([509, 768])
embedding size is torch.Size([509, 768])
embedding size is torch.Size([509, 768])
embedding size is torch.Size([509, 768])
embedding size is torch.Size([509, 768])
embedding size is torch.Size([509, 768])
embedding size is torch.Size([509, 768])
embedding size is torch.Size([509, 768])
embedding size is torch.Size([509, 768])
embedding size is torch.Size([509, 768])
embedding size is torch.Size([509, 768])
embedding size is torch.Size([509, 768])
embedding size is torch.Size([509, 768])
embedding size is torch.Size([509, 768])
embedding size is torch.Size([509, 768])
embedding size is torch.Size([509, 768])
embedding size is torch.Size([509, 768])
embedding size is torch.Size([509, 768])
embedding size is torch.Size([509, 768])
embedding size is torch.Size([509, 768])
embedding size is torch.Size([509, 768])
embedding size is torch.Size([509, 768])
embedding size is torch.Size([509, 768])
embedding size is torch.Size([509, 768])
embedding size is torch.Size([509, 768])
embedding size is torch.Size([509, 768])
embedding size is torch.Size([509, 768])
embedding size is torch.Size([509, 768])
embedding size is torch.Size([509, 768])
embedding size is torch.Size([509, 768])
embedding size is torch.Size([509, 768])
embedding size is torch.Size([509, 768])
embedding size is torch.Size([509, 768])
embedding size is torch.Size([509, 768])
embedding size is torch.Size([509, 768])
embedding size is torch.Size([509, 768])
embedding size is torch.Size([509, 768])
embedding size is torch.Size([509, 768])
embedding size is torch.Size([509, 768])
embedding size is torch.Size([509, 768])
embedding size is torch.Size([509, 768])
embedding size is torch.Size([509, 768])
embedding size is torch.Size([509, 768])
embedding size is torch.Size([509, 768])
embedding size is torch.Size([509, 768])
embedding size is torch.Size([509, 768])
embedding size is torch.Size([509, 768])
embedding size is torch.Size([509, 768])
embedding size is torch.Size([509, 768])
embedding size is torch.Size([509, 768])
embedding size is torch.Size([509, 768])
embedding size is torch.Size([509, 768])
embedding size is torch.Size([509, 768])
embedding size is torch.Size([509, 768])
embedding size is torch.Size([509, 768])
embedding size is torch.Size([509, 768])
embedding size is torch.Size([509, 768])
embedding size is torch.Size([509, 768])
embedding size is torch.Size([509, 768])
embedding size is torch.Size([509, 768])
embedding size is torch.Size([509, 768])
embedding size is torch.Size([509, 768])
embedding size is torch.Size([509, 768])
embedding size is torch.Size([509, 768])
embedding size is torch.Size([509, 768])
embedding size is torch.Size([509, 768])
embedding size is torch.Size([509, 768])
embedding size is torch.Size([509, 768])
embedding size is torch.Size([509, 768])
embedding size is torch.Size([509, 768])
embedding size is torch.Size([509, 768])
embedding size is torch.Size([509, 768])
embedding size is torch.Size([509, 768])
embedding size is torch.Size([509, 768])
embedding size is torch.Size([509, 768])
embedding size is torch.Size([509, 768])
embedding size is torch.Size([509, 768])
embedding size is torch.Size([509, 768])
embedding size is torch.Size([509, 768])
embedding size is torch.Size([509, 768])
embedding size is torch.Size([509, 768])
embedding size is torch.Size([509, 768])
embedding size is torch.Size([509, 768])
embedding size is torch.Size([509, 768])
embedding size is torch.Size([509, 768])
embedding size is torch.Size([509, 768])
embedding size is torch.Size([509, 768])
embedding size is torch.Size([509, 768])
embedding size is torch.Size([509, 768])
embedding size is torch.Size([509, 768])
embedding size is torch.Size([509, 768])
embedding size is torch.Size([509, 768])
embedding size is torch.Size([509, 768])
embedding size is torch.Size([509, 768])
embedding size is torch.Size([509, 768])
embedding size is torch.Size([509, 768])
embedding size is torch.Size([509, 768])
embedding size is torch.Size([509, 768])
embedding size is torch.Size([509, 768])
embedding size is torch.Size([509, 768])
embedding size is torch.Size([509, 768])
embedding size is torch.Size([509, 768])
embedding size is torch.Size([509, 768])
embedding size is torch.Size([509, 768])
embedding size is torch.Size([509, 768])
embedding size is torch.Size([509, 768])
embedding size is torch.Size([509, 768])
embedding size is torch.Size([509, 768])
embedding size is torch.Size([509, 768])
embedding size is torch.Size([509, 768])
embedding size is torch.Size([509, 768])
embedding size is torch.Size([509, 768])
embedding size is torch.Size([509, 768])
embedding size is torch.Size([509, 768])
embedding size is torch.Size([509, 768])
embedding size is torch.Size([509, 768])
embedding size is torch.Size([509, 768])
embedding size is torch.Size([509, 768])
embedding size is torch.Size([509, 768])
embedding size is torch.Size([509, 768])
embedding size is torch.Size([509, 768])
embedding size is torch.Size([509, 768])
embedding size is torch.Size([509, 768])
embedding size is torch.Size([509, 768])
embedding size is torch.Size([509, 768])
embedding size is torch.Size([509, 768])
embedding size is torch.Size([509, 768])
embedding size is torch.Size([509, 768])
embedding size is torch.Size([509, 768])
embedding size is torch.Size([509, 768])
embedding size is torch.Size([509, 768])
embedding size is torch.Size([509, 768])
embedding size is torch.Size([509, 768])
embedding size is torch.Size([509, 768])
embedding size is torch.Size([509, 768])
embedding size is torch.Size([509, 768])
embedding size is torch.Size([509, 768])
embedding size is torch.Size([509, 768])
embedding size is torch.Size([509, 768])
embedding size is torch.Size([509, 768])
embedding size is torch.Size([509, 768])
embedding size is torch.Size([509, 768])
embedding size is torch.Size([509, 768])
embedding size is torch.Size([509, 768])
embedding size is torch.Size([509, 768])
embedding size is torch.Size([509, 768])
embedding size is torch.Size([509, 768])
embedding size is torch.Size([509, 768])
embedding size is torch.Size([509, 768])
embedding size is torch.Size([509, 768])
embedding size is torch.Size([509, 768])
embedding size is torch.Size([509, 768])
embedding size is torch.Size([509, 768])
embedding size is torch.Size([509, 768])
embedding size is torch.Size([509, 768])
embedding size is torch.Size([509, 768])
embedding size is torch.Size([509, 768])
embedding size is torch.Size([509, 768])
embedding size is torch.Size([509, 768])
embedding size is torch.Size([509, 768])
embedding size is torch.Size([509, 768])
embedding size is torch.Size([509, 768])
embedding size is torch.Size([509, 768])
embedding size is torch.Size([509, 768])
embedding size is torch.Size([509, 768])
embedding size is torch.Size([509, 768])
embedding size is torch.Size([509, 768])
embedding size is torch.Size([509, 768])
embedding size is torch.Size([509, 768])
embedding size is torch.Size([509, 768])
embedding size is torch.Size([509, 768])
embedding size is torch.Size([509, 768])
embedding size is torch.Size([509, 768])
embedding size is torch.Size([509, 768])
embedding size is torch.Size([509, 768])
embedding size is torch.Size([509, 768])
embedding size is torch.Size([509, 768])
embedding size is torch.Size([509, 768])
embedding size is torch.Size([509, 768])
embedding size is torch.Size([509, 768])
embedding size is torch.Size([509, 768])
embedding size is torch.Size([509, 768])
embedding size is torch.Size([509, 768])
embedding size is torch.Size([509, 768])
embedding size is torch.Size([509, 768])
embedding size is torch.Size([509, 768])
embedding size is torch.Size([509, 768])
embedding size is torch.Size([509, 768])
embedding size is torch.Size([509, 768])
embedding size is torch.Size([509, 768])
embedding size is torch.Size([509, 768])
embedding size is torch.Size([509, 768])
embedding size is torch.Size([509, 768])
embedding size is torch.Size([509, 768])
embedding size is torch.Size([509, 768])
embedding size is torch.Size([509, 768])
embedding size is torch.Size([509, 768])
embedding size is torch.Size([509, 768])
embedding size is torch.Size([509, 768])
embedding size is torch.Size([509, 768])
embedding size is torch.Size([509, 768])
embedding size is torch.Size([509, 768])
embedding size is torch.Size([509, 768])
embedding size is torch.Size([509, 768])
embedding size is torch.Size([509, 768])
embedding size is torch.Size([509, 768])
embedding size is torch.Size([509, 768])
embedding size is torch.Size([509, 768])
embedding size is torch.Size([509, 768])
embedding size is torch.Size([509, 768])
embedding size is torch.Size([509, 768])
embedding size is torch.Size([509, 768])
embedding size is torch.Size([509, 768])
embedding size is torch.Size([509, 768])
embedding size is torch.Size([509, 768])
embedding size is torch.Size([509, 768])
embedding size is torch.Size([509, 768])
embedding size is torch.Size([509, 768])
embedding size is torch.Size([509, 768])
embedding size is torch.Size([509, 768])
embedding size is torch.Size([509, 768])
embedding size is torch.Size([509, 768])
embedding size is torch.Size([509, 768])
embedding size is torch.Size([509, 768])
embedding size is torch.Size([509, 768])
embedding size is torch.Size([509, 768])
embedding size is torch.Size([509, 768])
embedding size is torch.Size([509, 768])
embedding size is torch.Size([509, 768])
embedding size is torch.Size([509, 768])
embedding size is torch.Size([509, 768])
embedding size is torch.Size([509, 768])
embedding size is torch.Size([509, 768])
embedding size is torch.Size([509, 768])
embedding size is torch.Size([509, 768])
embedding size is torch.Size([509, 768])
embedding size is torch.Size([509, 768])
embedding size is torch.Size([509, 768])
embedding size is torch.Size([509, 768])
embedding size is torch.Size([509, 768])
embedding size is torch.Size([509, 768])
embedding size is torch.Size([509, 768])
embedding size is torch.Size([509, 768])
embedding size is torch.Size([509, 768])
embedding size is torch.Size([509, 768])
embedding size is torch.Size([509, 768])
embedding size is torch.Size([509, 768])
embedding size is torch.Size([509, 768])
embedding size is torch.Size([509, 768])
embedding size is torch.Size([509, 768])
embedding size is torch.Size([509, 768])
embedding size is torch.Size([509, 768])
embedding size is torch.Size([509, 768])
embedding size is torch.Size([509, 768])
embedding size is torch.Size([509, 768])
embedding size is torch.Size([509, 768])
embedding size is torch.Size([509, 768])
embedding size is torch.Size([509, 768])
embedding size is torch.Size([509, 768])
embedding size is torch.Size([509, 768])
embedding size is torch.Size([509, 768])
embedding size is torch.Size([509, 768])
embedding size is torch.Size([509, 768])
embedding size is torch.Size([509, 768])
embedding size is torch.Size([509, 768])
embedding size is torch.Size([509, 768])
embedding size is torch.Size([509, 768])
embedding size is torch.Size([509, 768])
embedding size is torch.Size([509, 768])
embedding size is torch.Size([509, 768])
embedding size is torch.Size([509, 768])
embedding size is torch.Size([509, 768])
embedding size is torch.Size([509, 768])
embedding size is torch.Size([509, 768])
embedding size is torch.Size([509, 768])
embedding size is torch.Size([509, 768])
embedding size is torch.Size([509, 768])
embedding size is torch.Size([509, 768])
embedding size is torch.Size([509, 768])
embedding size is torch.Size([509, 768])
embedding size is torch.Size([509, 768])
embedding size is torch.Size([509, 768])
embedding size is torch.Size([509, 768])
embedding size is torch.Size([509, 768])
embedding size is torch.Size([509, 768])
embedding size is torch.Size([509, 768])
embedding size is torch.Size([509, 768])
embedding size is torch.Size([509, 768])
embedding size is torch.Size([509, 768])
embedding size is torch.Size([509, 768])
embedding size is torch.Size([509, 768])
embedding size is torch.Size([509, 768])
embedding size is torch.Size([509, 768])
embedding size is torch.Size([509, 768])
embedding size is torch.Size([509, 768])
embedding size is torch.Size([509, 768])
embedding size is torch.Size([509, 768])
embedding size is torch.Size([509, 768])
embedding size is torch.Size([509, 768])
embedding size is torch.Size([509, 768])
embedding size is torch.Size([509, 768])
embedding size is torch.Size([509, 768])
embedding size is torch.Size([509, 768])
embedding size is torch.Size([509, 768])
embedding size is torch.Size([509, 768])
embedding size is torch.Size([509, 768])
embedding size is torch.Size([509, 768])
embedding size is torch.Size([509, 768])
embedding size is torch.Size([509, 768])
embedding size is torch.Size([509, 768])
embedding size is torch.Size([509, 768])
embedding size is torch.Size([509, 768])
embedding size is torch.Size([509, 768])
embedding size is torch.Size([509, 768])
embedding size is torch.Size([509, 768])
embedding size is torch.Size([509, 768])
embedding size is torch.Size([509, 768])
embedding size is torch.Size([509, 768])
embedding size is torch.Size([509, 768])
embedding size is torch.Size([509, 768])
embedding size is torch.Size([509, 768])
embedding size is torch.Size([509, 768])
embedding size is torch.Size([509, 768])
embedding size is torch.Size([509, 768])
embedding size is torch.Size([509, 768])
embedding size is torch.Size([509, 768])
embedding size is torch.Size([509, 768])
embedding size is torch.Size([509, 768])
embedding size is torch.Size([509, 768])
embedding size is torch.Size([509, 768])
embedding size is torch.Size([509, 768])
embedding size is torch.Size([509, 768])
embedding size is torch.Size([509, 768])
embedding size is torch.Size([509, 768])
embedding size is torch.Size([509, 768])
embedding size is torch.Size([509, 768])
embedding size is torch.Size([509, 768])
embedding size is torch.Size([509, 768])
embedding size is torch.Size([509, 768])
embedding size is torch.Size([509, 768])
embedding size is torch.Size([509, 768])
embedding size is torch.Size([509, 768])
embedding size is torch.Size([509, 768])
embedding size is torch.Size([509, 768])
embedding size is torch.Size([509, 768])
embedding size is torch.Size([509, 768])
embedding size is torch.Size([509, 768])
embedding size is torch.Size([509, 768])
embedding size is torch.Size([509, 768])
embedding size is torch.Size([509, 768])
embedding size is torch.Size([509, 768])
embedding size is torch.Size([509, 768])
embedding size is torch.Size([509, 768])
embedding size is torch.Size([509, 768])
embedding size is torch.Size([509, 768])
embedding size is torch.Size([509, 768])
embedding size is torch.Size([509, 768])
embedding size is torch.Size([509, 768])
embedding size is torch.Size([509, 768])
embedding size is torch.Size([509, 768])
embedding size is torch.Size([509, 768])
embedding size is torch.Size([509, 768])
embedding size is torch.Size([509, 768])
embedding size is torch.Size([509, 768])
embedding size is torch.Size([509, 768])
embedding size is torch.Size([509, 768])
embedding size is torch.Size([509, 768])
embedding size is torch.Size([509, 768])
embedding size is torch.Size([509, 768])
embedding size is torch.Size([509, 768])
embedding size is torch.Size([509, 768])
embedding size is torch.Size([509, 768])
embedding size is torch.Size([509, 768])
embedding size is torch.Size([509, 768])
embedding size is torch.Size([509, 768])
embedding size is torch.Size([509, 768])
embedding size is torch.Size([509, 768])
embedding size is torch.Size([509, 768])
embedding size is torch.Size([509, 768])
embedding size is torch.Size([509, 768])
embedding size is torch.Size([509, 768])
embedding size is torch.Size([509, 768])
embedding size is torch.Size([509, 768])
embedding size is torch.Size([509, 768])
embedding size is torch.Size([509, 768])
embedding size is torch.Size([509, 768])
embedding size is torch.Size([509, 768])
embedding size is torch.Size([509, 768])
embedding size is torch.Size([509, 768])
embedding size is torch.Size([509, 768])
embedding size is torch.Size([509, 768])
embedding size is torch.Size([509, 768])
embedding size is torch.Size([509, 768])
embedding size is torch.Size([509, 768])
embedding size is torch.Size([509, 768])
embedding size is torch.Size([509, 768])
embedding size is torch.Size([509, 768])
embedding size is torch.Size([509, 768])
embedding size is torch.Size([509, 768])
embedding size is torch.Size([509, 768])
embedding size is torch.Size([509, 768])
embedding size is torch.Size([509, 768])
embedding size is torch.Size([509, 768])
embedding size is torch.Size([509, 768])
embedding size is torch.Size([509, 768])
embedding size is torch.Size([509, 768])
embedding size is torch.Size([509, 768])
embedding size is torch.Size([509, 768])
embedding size is torch.Size([509, 768])
embedding size is torch.Size([509, 768])
embedding size is torch.Size([509, 768])
embedding size is torch.Size([509, 768])
embedding size is torch.Size([509, 768])
embedding size is torch.Size([509, 768])
embedding size is torch.Size([509, 768])
embedding size is torch.Size([509, 768])
embedding size is torch.Size([509, 768])
embedding size is torch.Size([509, 768])
embedding size is torch.Size([509, 768])
embedding size is torch.Size([509, 768])
embedding size is torch.Size([509, 768])
embedding size is torch.Size([509, 768])
embedding size is torch.Size([509, 768])
embedding size is torch.Size([509, 768])
embedding size is torch.Size([509, 768])
embedding size is torch.Size([509, 768])
embedding size is torch.Size([509, 768])
embedding size is torch.Size([509, 768])
embedding size is torch.Size([509, 768])
embedding size is torch.Size([509, 768])
embedding size is torch.Size([509, 768])
embedding size is torch.Size([509, 768])
embedding size is torch.Size([509, 768])
embedding size is torch.Size([509, 768])
embedding size is torch.Size([509, 768])
embedding size is torch.Size([509, 768])
embedding size is torch.Size([509, 768])
embedding size is torch.Size([509, 768])
embedding size is torch.Size([509, 768])
embedding size is torch.Size([509, 768])
embedding size is torch.Size([509, 768])
embedding size is torch.Size([509, 768])
embedding size is torch.Size([509, 768])
embedding size is torch.Size([509, 768])
embedding size is torch.Size([509, 768])
embedding size is torch.Size([509, 768])
embedding size is torch.Size([509, 768])
embedding size is torch.Size([509, 768])
embedding size is torch.Size([509, 768])
embedding size is torch.Size([509, 768])
embedding size is torch.Size([509, 768])
embedding size is torch.Size([509, 768])
embedding size is torch.Size([509, 768])
embedding size is torch.Size([509, 768])
embedding size is torch.Size([509, 768])
embedding size is torch.Size([509, 768])
embedding size is torch.Size([509, 768])
embedding size is torch.Size([509, 768])
embedding size is torch.Size([509, 768])
embedding size is torch.Size([509, 768])
embedding size is torch.Size([509, 768])
embedding size is torch.Size([509, 768])
embedding size is torch.Size([509, 768])
embedding size is torch.Size([509, 768])
embedding size is torch.Size([509, 768])
embedding size is torch.Size([509, 768])
embedding size is torch.Size([509, 768])
embedding size is torch.Size([509, 768])
embedding size is torch.Size([509, 768])
embedding size is torch.Size([509, 768])
embedding size is torch.Size([509, 768])
embedding size is torch.Size([509, 768])
embedding size is torch.Size([509, 768])
embedding size is torch.Size([509, 768])
embedding size is torch.Size([509, 768])
embedding size is torch.Size([509, 768])
embedding size is torch.Size([509, 768])
embedding size is torch.Size([509, 768])
embedding size is torch.Size([509, 768])
embedding size is torch.Size([509, 768])
embedding size is torch.Size([509, 768])
embedding size is torch.Size([509, 768])
embedding size is torch.Size([509, 768])
embedding size is torch.Size([509, 768])
embedding size is torch.Size([509, 768])
embedding size is torch.Size([509, 768])
embedding size is torch.Size([509, 768])
embedding size is torch.Size([509, 768])
embedding size is torch.Size([509, 768])
embedding size is torch.Size([509, 768])
embedding size is torch.Size([509, 768])
embedding size is torch.Size([509, 768])
embedding size is torch.Size([509, 768])
embedding size is torch.Size([509, 768])
embedding size is torch.Size([509, 768])
embedding size is torch.Size([509, 768])
embedding size is torch.Size([509, 768])
embedding size is torch.Size([509, 768])
embedding size is torch.Size([509, 768])
embedding size is torch.Size([509, 768])
embedding size is torch.Size([509, 768])
embedding size is torch.Size([509, 768])
embedding size is torch.Size([509, 768])
embedding size is torch.Size([509, 768])
embedding size is torch.Size([509, 768])
embedding size is torch.Size([509, 768])
embedding size is torch.Size([509, 768])
embedding size is torch.Size([509, 768])
embedding size is torch.Size([509, 768])
embedding size is torch.Size([509, 768])
embedding size is torch.Size([509, 768])
embedding size is torch.Size([509, 768])
embedding size is torch.Size([509, 768])
embedding size is torch.Size([509, 768])
embedding size is torch.Size([509, 768])
embedding size is torch.Size([509, 768])
embedding size is torch.Size([509, 768])
embedding size is torch.Size([509, 768])
embedding size is torch.Size([509, 768])
embedding size is torch.Size([509, 768])
embedding size is torch.Size([509, 768])
embedding size is torch.Size([509, 768])
embedding size is torch.Size([509, 768])
embedding size is torch.Size([509, 768])
embedding size is torch.Size([509, 768])
embedding size is torch.Size([509, 768])
embedding size is torch.Size([509, 768])
embedding size is torch.Size([509, 768])
embedding size is torch.Size([509, 768])
embedding size is torch.Size([509, 768])
embedding size is torch.Size([509, 768])
embedding size is torch.Size([509, 768])
embedding size is torch.Size([509, 768])
embedding size is torch.Size([509, 768])
embedding size is torch.Size([509, 768])
embedding size is torch.Size([509, 768])
embedding size is torch.Size([509, 768])
embedding size is torch.Size([509, 768])
embedding size is torch.Size([509, 768])
embedding size is torch.Size([509, 768])
embedding size is torch.Size([509, 768])
embedding size is torch.Size([509, 768])
embedding size is torch.Size([509, 768])
embedding size is torch.Size([509, 768])
embedding size is torch.Size([509, 768])
embedding size is torch.Size([509, 768])
embedding size is torch.Size([509, 768])
embedding size is torch.Size([509, 768])
embedding size is torch.Size([509, 768])
embedding size is torch.Size([509, 768])
embedding size is torch.Size([509, 768])
embedding size is torch.Size([509, 768])
embedding size is torch.Size([509, 768])
embedding size is torch.Size([509, 768])
embedding size is torch.Size([509, 768])
embedding size is torch.Size([509, 768])
embedding size is torch.Size([509, 768])
embedding size is torch.Size([509, 768])
embedding size is torch.Size([509, 768])
embedding size is torch.Size([509, 768])
embedding size is torch.Size([509, 768])
embedding size is torch.Size([509, 768])
embedding size is torch.Size([509, 768])
embedding size is torch.Size([509, 768])
embedding size is torch.Size([509, 768])
embedding size is torch.Size([509, 768])
embedding size is torch.Size([509, 768])
embedding size is torch.Size([509, 768])
embedding size is torch.Size([509, 768])
embedding size is torch.Size([509, 768])
embedding size is torch.Size([509, 768])
embedding size is torch.Size([509, 768])
embedding size is torch.Size([509, 768])
embedding size is torch.Size([509, 768])
embedding size is torch.Size([509, 768])
embedding size is torch.Size([509, 768])
embedding size is torch.Size([509, 768])
embedding size is torch.Size([509, 768])
embedding size is torch.Size([509, 768])
embedding size is torch.Size([509, 768])
embedding size is torch.Size([509, 768])
embedding size is torch.Size([509, 768])
embedding size is torch.Size([509, 768])
embedding size is torch.Size([509, 768])
embedding size is torch.Size([509, 768])
embedding size is torch.Size([509, 768])
embedding size is torch.Size([509, 768])
embedding size is torch.Size([509, 768])
embedding size is torch.Size([509, 768])
embedding size is torch.Size([509, 768])
embedding size is torch.Size([509, 768])
embedding size is torch.Size([509, 768])
embedding size is torch.Size([509, 768])
embedding size is torch.Size([509, 768])
embedding size is torch.Size([509, 768])
embedding size is torch.Size([509, 768])
embedding size is torch.Size([509, 768])
embedding size is torch.Size([509, 768])
embedding size is torch.Size([509, 768])
embedding size is torch.Size([509, 768])
embedding size is torch.Size([509, 768])
embedding size is torch.Size([509, 768])
embedding size is torch.Size([509, 768])
embedding size is torch.Size([509, 768])
embedding size is torch.Size([509, 768])
embedding size is torch.Size([509, 768])
embedding size is torch.Size([509, 768])
embedding size is torch.Size([509, 768])
embedding size is torch.Size([509, 768])
embedding size is torch.Size([509, 768])
embedding size is torch.Size([509, 768])
embedding size is torch.Size([509, 768])
embedding size is torch.Size([509, 768])
embedding size is torch.Size([509, 768])
embedding size is torch.Size([509, 768])
embedding size is torch.Size([509, 768])
embedding size is torch.Size([509, 768])
embedding size is torch.Size([509, 768])
embedding size is torch.Size([509, 768])
embedding size is torch.Size([509, 768])
embedding size is torch.Size([509, 768])
embedding size is torch.Size([509, 768])
embedding size is torch.Size([509, 768])
embedding size is torch.Size([509, 768])
embedding size is torch.Size([509, 768])
embedding size is torch.Size([509, 768])
embedding size is torch.Size([509, 768])
embedding size is torch.Size([509, 768])
embedding size is torch.Size([509, 768])
embedding size is torch.Size([509, 768])
embedding size is torch.Size([509, 768])
embedding size is torch.Size([509, 768])
embedding size is torch.Size([509, 768])
embedding size is torch.Size([509, 768])
embedding size is torch.Size([509, 768])
embedding size is torch.Size([509, 768])
embedding size is torch.Size([509, 768])
embedding size is torch.Size([509, 768])
embedding size is torch.Size([509, 768])
embedding size is torch.Size([509, 768])
embedding size is torch.Size([509, 768])
embedding size is torch.Size([509, 768])
embedding size is torch.Size([509, 768])
embedding size is torch.Size([509, 768])
embedding size is torch.Size([509, 768])
embedding size is torch.Size([509, 768])
embedding size is torch.Size([509, 768])
embedding size is torch.Size([509, 768])
embedding size is torch.Size([509, 768])
embedding size is torch.Size([509, 768])
embedding size is torch.Size([509, 768])
embedding size is torch.Size([509, 768])
embedding size is torch.Size([509, 768])
embedding size is torch.Size([509, 768])
embedding size is torch.Size([509, 768])
embedding size is torch.Size([509, 768])
embedding size is torch.Size([509, 768])
embedding size is torch.Size([509, 768])
embedding size is torch.Size([509, 768])
embedding size is torch.Size([509, 768])
embedding size is torch.Size([509, 768])
embedding size is torch.Size([509, 768])
embedding size is torch.Size([509, 768])
embedding size is torch.Size([509, 768])
embedding size is torch.Size([509, 768])
embedding size is torch.Size([509, 768])
embedding size is torch.Size([509, 768])
embedding size is torch.Size([509, 768])
embedding size is torch.Size([509, 768])
embedding size is torch.Size([509, 768])
embedding size is torch.Size([509, 768])
embedding size is torch.Size([509, 768])
embedding size is torch.Size([509, 768])
embedding size is torch.Size([509, 768])
embedding size is torch.Size([509, 768])
embedding size is torch.Size([509, 768])
embedding size is torch.Size([509, 768])
embedding size is torch.Size([509, 768])
embedding size is torch.Size([509, 768])
embedding size is torch.Size([509, 768])
embedding size is torch.Size([509, 768])
embedding size is torch.Size([509, 768])
embedding size is torch.Size([509, 768])
embedding size is torch.Size([509, 768])
embedding size is torch.Size([509, 768])
embedding size is torch.Size([509, 768])
embedding size is torch.Size([509, 768])
embedding size is torch.Size([509, 768])
embedding size is torch.Size([509, 768])
embedding size is torch.Size([509, 768])
embedding size is torch.Size([509, 768])
embedding size is torch.Size([509, 768])
embedding size is torch.Size([509, 768])
embedding size is torch.Size([509, 768])
embedding size is torch.Size([509, 768])
embedding size is torch.Size([509, 768])
embedding size is torch.Size([509, 768])
embedding size is torch.Size([509, 768])
embedding size is torch.Size([509, 768])
embedding size is torch.Size([509, 768])
embedding size is torch.Size([509, 768])
embedding size is torch.Size([509, 768])
embedding size is torch.Size([509, 768])
embedding size is torch.Size([509, 768])
embedding size is torch.Size([509, 768])
embedding size is torch.Size([509, 768])
embedding size is torch.Size([509, 768])
embedding size is torch.Size([509, 768])
embedding size is torch.Size([509, 768])
embedding size is torch.Size([509, 768])
embedding size is torch.Size([509, 768])
embedding size is torch.Size([509, 768])
embedding size is torch.Size([509, 768])
embedding size is torch.Size([509, 768])
embedding size is torch.Size([509, 768])
embedding size is torch.Size([509, 768])
embedding size is torch.Size([509, 768])
embedding size is torch.Size([509, 768])
embedding size is torch.Size([509, 768])
embedding size is torch.Size([509, 768])
embedding size is torch.Size([509, 768])
embedding size is torch.Size([509, 768])
embedding size is torch.Size([509, 768])
embedding size is torch.Size([509, 768])
embedding size is torch.Size([509, 768])
embedding size is torch.Size([509, 768])
embedding size is torch.Size([509, 768])
embedding size is torch.Size([509, 768])
embedding size is torch.Size([509, 768])
embedding size is torch.Size([509, 768])
embedding size is torch.Size([509, 768])
embedding size is torch.Size([509, 768])
embedding size is torch.Size([509, 768])
embedding size is torch.Size([509, 768])
embedding size is torch.Size([509, 768])
embedding size is torch.Size([509, 768])
embedding size is torch.Size([509, 768])
embedding size is torch.Size([509, 768])
embedding size is torch.Size([509, 768])
embedding size is torch.Size([509, 768])
embedding size is torch.Size([509, 768])
embedding size is torch.Size([509, 768])
embedding size is torch.Size([509, 768])
embedding size is torch.Size([509, 768])
embedding size is torch.Size([509, 768])
embedding size is torch.Size([509, 768])
embedding size is torch.Size([509, 768])
embedding size is torch.Size([509, 768])
embedding size is torch.Size([509, 768])
embedding size is torch.Size([509, 768])
embedding size is torch.Size([509, 768])
embedding size is torch.Size([509, 768])
embedding size is torch.Size([509, 768])
embedding size is torch.Size([509, 768])
embedding size is torch.Size([509, 768])
embedding size is torch.Size([509, 768])
embedding size is torch.Size([509, 768])
embedding size is torch.Size([509, 768])
embedding size is torch.Size([509, 768])
embedding size is torch.Size([509, 768])
embedding size is torch.Size([509, 768])
embedding size is torch.Size([509, 768])
embedding size is torch.Size([509, 768])
embedding size is torch.Size([509, 768])
embedding size is torch.Size([509, 768])
embedding size is torch.Size([509, 768])
embedding size is torch.Size([509, 768])
embedding size is torch.Size([509, 768])
embedding size is torch.Size([509, 768])
embedding size is torch.Size([509, 768])
embedding size is torch.Size([509, 768])
embedding size is torch.Size([509, 768])
embedding size is torch.Size([509, 768])
embedding size is torch.Size([509, 768])
embedding size is torch.Size([509, 768])
embedding size is torch.Size([509, 768])
embedding size is torch.Size([509, 768])
embedding size is torch.Size([509, 768])
embedding size is torch.Size([509, 768])
embedding size is torch.Size([509, 768])
embedding size is torch.Size([509, 768])
embedding size is torch.Size([509, 768])
embedding size is torch.Size([509, 768])
embedding size is torch.Size([509, 768])
embedding size is torch.Size([509, 768])
embedding size is torch.Size([509, 768])
embedding size is torch.Size([509, 768])
embedding size is torch.Size([509, 768])
embedding size is torch.Size([509, 768])
embedding size is torch.Size([509, 768])
embedding size is torch.Size([509, 768])
embedding size is torch.Size([509, 768])
embedding size is torch.Size([509, 768])
embedding size is torch.Size([509, 768])
embedding size is torch.Size([509, 768])
embedding size is torch.Size([509, 768])
embedding size is torch.Size([509, 768])
embedding size is torch.Size([509, 768])
embedding size is torch.Size([509, 768])
embedding size is torch.Size([509, 768])
embedding size is torch.Size([509, 768])
embedding size is torch.Size([509, 768])
embedding size is torch.Size([509, 768])
embedding size is torch.Size([509, 768])
embedding size is torch.Size([509, 768])
embedding size is torch.Size([509, 768])
embedding size is torch.Size([509, 768])
embedding size is torch.Size([509, 768])
embedding size is torch.Size([509, 768])
embedding size is torch.Size([509, 768])
embedding size is torch.Size([509, 768])
embedding size is torch.Size([509, 768])
embedding size is torch.Size([509, 768])
embedding size is torch.Size([509, 768])
embedding size is torch.Size([509, 768])
embedding size is torch.Size([509, 768])
embedding size is torch.Size([509, 768])
embedding size is torch.Size([509, 768])
embedding size is torch.Size([509, 768])
embedding size is torch.Size([509, 768])
embedding size is torch.Size([509, 768])
embedding size is torch.Size([509, 768])
embedding size is torch.Size([509, 768])
embedding size is torch.Size([509, 768])
embedding size is torch.Size([509, 768])
embedding size is torch.Size([509, 768])
embedding size is torch.Size([509, 768])
embedding size is torch.Size([509, 768])
embedding size is torch.Size([509, 768])
embedding size is torch.Size([509, 768])
embedding size is torch.Size([509, 768])
embedding size is torch.Size([509, 768])
embedding size is torch.Size([509, 768])
embedding size is torch.Size([509, 768])
embedding size is torch.Size([509, 768])
embedding size is torch.Size([509, 768])
embedding size is torch.Size([509, 768])
embedding size is torch.Size([509, 768])
embedding size is torch.Size([509, 768])
embedding size is torch.Size([509, 768])
embedding size is torch.Size([509, 768])
embedding size is torch.Size([509, 768])
embedding size is torch.Size([509, 768])
embedding size is torch.Size([509, 768])
embedding size is torch.Size([509, 768])
embedding size is torch.Size([509, 768])
embedding size is torch.Size([509, 768])
embedding size is torch.Size([509, 768])
embedding size is torch.Size([509, 768])
embedding size is torch.Size([509, 768])
embedding size is torch.Size([509, 768])
embedding size is torch.Size([509, 768])
embedding size is torch.Size([509, 768])
embedding size is torch.Size([509, 768])
embedding size is torch.Size([509, 768])
embedding size is torch.Size([509, 768])
embedding size is torch.Size([509, 768])
embedding size is torch.Size([509, 768])
embedding size is torch.Size([509, 768])
embedding size is torch.Size([509, 768])
embedding size is torch.Size([509, 768])
embedding size is torch.Size([509, 768])
embedding size is torch.Size([509, 768])
embedding size is torch.Size([509, 768])
embedding size is torch.Size([509, 768])
embedding size is torch.Size([509, 768])
embedding size is torch.Size([509, 768])
embedding size is torch.Size([509, 768])
embedding size is torch.Size([509, 768])
embedding size is torch.Size([509, 768])
embedding size is torch.Size([509, 768])
embedding size is torch.Size([509, 768])
embedding size is torch.Size([509, 768])
embedding size is torch.Size([509, 768])
embedding size is torch.Size([509, 768])
embedding size is torch.Size([509, 768])
embedding size is torch.Size([509, 768])
embedding size is torch.Size([509, 768])
embedding size is torch.Size([509, 768])
embedding size is torch.Size([509, 768])
embedding size is torch.Size([509, 768])
embedding size is torch.Size([509, 768])
embedding size is torch.Size([509, 768])
embedding size is torch.Size([509, 768])
embedding size is torch.Size([509, 768])
embedding size is torch.Size([509, 768])
embedding size is torch.Size([509, 768])
embedding size is torch.Size([509, 768])
embedding size is torch.Size([509, 768])
embedding size is torch.Size([509, 768])
embedding size is torch.Size([509, 768])
embedding size is torch.Size([509, 768])
embedding size is torch.Size([509, 768])
embedding size is torch.Size([509, 768])
embedding size is torch.Size([509, 768])
embedding size is torch.Size([509, 768])
embedding size is torch.Size([509, 768])
embedding size is torch.Size([509, 768])
embedding size is torch.Size([509, 768])
embedding size is torch.Size([509, 768])
embedding size is torch.Size([509, 768])
embedding size is torch.Size([509, 768])
embedding size is torch.Size([509, 768])
embedding size is torch.Size([509, 768])
embedding size is torch.Size([509, 768])
embedding size is torch.Size([509, 768])
embedding size is torch.Size([509, 768])
embedding size is torch.Size([509, 768])
embedding size is torch.Size([509, 768])
embedding size is torch.Size([509, 768])
embedding size is torch.Size([509, 768])
embedding size is torch.Size([509, 768])
embedding size is torch.Size([509, 768])
embedding size is torch.Size([509, 768])
embedding size is torch.Size([509, 768])
embedding size is torch.Size([509, 768])
embedding size is torch.Size([509, 768])
embedding size is torch.Size([509, 768])
embedding size is torch.Size([509, 768])
embedding size is torch.Size([509, 768])
embedding size is torch.Size([509, 768])
embedding size is torch.Size([509, 768])
embedding size is torch.Size([509, 768])
embedding size is torch.Size([509, 768])
embedding size is torch.Size([509, 768])
embedding size is torch.Size([509, 768])
embedding size is torch.Size([509, 768])
embedding size is torch.Size([509, 768])
embedding size is torch.Size([509, 768])
embedding size is torch.Size([509, 768])
embedding size is torch.Size([509, 768])
embedding size is torch.Size([509, 768])
embedding size is torch.Size([509, 768])
embedding size is torch.Size([509, 768])
embedding size is torch.Size([509, 768])
embedding size is torch.Size([509, 768])
embedding size is torch.Size([509, 768])
embedding size is torch.Size([509, 768])
embedding size is torch.Size([509, 768])
embedding size is torch.Size([509, 768])
embedding size is torch.Size([509, 768])
embedding size is torch.Size([509, 768])
embedding size is torch.Size([509, 768])
embedding size is torch.Size([509, 768])
embedding size is torch.Size([509, 768])
embedding size is torch.Size([509, 768])
embedding size is torch.Size([509, 768])
embedding size is torch.Size([509, 768])
embedding size is torch.Size([509, 768])
embedding size is torch.Size([509, 768])
embedding size is torch.Size([509, 768])
embedding size is torch.Size([509, 768])
embedding size is torch.Size([509, 768])
embedding size is torch.Size([509, 768])
embedding size is torch.Size([509, 768])
embedding size is torch.Size([509, 768])
embedding size is torch.Size([509, 768])
embedding size is torch.Size([509, 768])
embedding size is torch.Size([509, 768])
embedding size is torch.Size([509, 768])
embedding size is torch.Size([509, 768])
embedding size is torch.Size([509, 768])
embedding size is torch.Size([509, 768])
embedding size is torch.Size([509, 768])
embedding size is torch.Size([509, 768])
embedding size is torch.Size([509, 768])
embedding size is torch.Size([509, 768])
embedding size is torch.Size([509, 768])
embedding size is torch.Size([509, 768])
embedding size is torch.Size([509, 768])
embedding size is torch.Size([509, 768])
embedding size is torch.Size([509, 768])
embedding size is torch.Size([509, 768])
embedding size is torch.Size([509, 768])
embedding size is torch.Size([509, 768])
embedding size is torch.Size([509, 768])
embedding size is torch.Size([509, 768])
embedding size is torch.Size([509, 768])
embedding size is torch.Size([509, 768])
embedding size is torch.Size([509, 768])
embedding size is torch.Size([509, 768])
embedding size is torch.Size([509, 768])
embedding size is torch.Size([509, 768])
embedding size is torch.Size([509, 768])
embedding size is torch.Size([509, 768])
embedding size is torch.Size([509, 768])
embedding size is torch.Size([509, 768])
embedding size is torch.Size([509, 768])
embedding size is torch.Size([509, 768])
embedding size is torch.Size([509, 768])
embedding size is torch.Size([509, 768])
embedding size is torch.Size([509, 768])
embedding size is torch.Size([509, 768])
embedding size is torch.Size([509, 768])
embedding size is torch.Size([509, 768])
embedding size is torch.Size([509, 768])
embedding size is torch.Size([509, 768])
embedding size is torch.Size([509, 768])
embedding size is torch.Size([509, 768])
embedding size is torch.Size([509, 768])
embedding size is torch.Size([509, 768])
embedding size is torch.Size([509, 768])
embedding size is torch.Size([509, 768])
embedding size is torch.Size([509, 768])
embedding size is torch.Size([509, 768])
embedding size is torch.Size([509, 768])
embedding size is torch.Size([509, 768])
embedding size is torch.Size([509, 768])
embedding size is torch.Size([509, 768])
embedding size is torch.Size([509, 768])
embedding size is torch.Size([509, 768])
embedding size is torch.Size([509, 768])
embedding size is torch.Size([509, 768])
embedding size is torch.Size([509, 768])
embedding size is torch.Size([509, 768])
embedding size is torch.Size([509, 768])
embedding size is torch.Size([509, 768])
embedding size is torch.Size([509, 768])
embedding size is torch.Size([509, 768])
embedding size is torch.Size([509, 768])
embedding size is torch.Size([509, 768])
embedding size is torch.Size([509, 768])
embedding size is torch.Size([509, 768])
embedding size is torch.Size([509, 768])
embedding size is torch.Size([509, 768])
embedding size is torch.Size([509, 768])
embedding size is torch.Size([509, 768])
embedding size is torch.Size([509, 768])
embedding size is torch.Size([509, 768])
embedding size is torch.Size([509, 768])
embedding size is torch.Size([509, 768])
embedding size is torch.Size([509, 768])
embedding size is torch.Size([509, 768])
embedding size is torch.Size([509, 768])
embedding size is torch.Size([509, 768])
embedding size is torch.Size([509, 768])
embedding size is torch.Size([509, 768])
embedding size is torch.Size([509, 768])
embedding size is torch.Size([509, 768])
embedding size is torch.Size([509, 768])
embedding size is torch.Size([509, 768])
embedding size is torch.Size([509, 768])
embedding size is torch.Size([509, 768])
embedding size is torch.Size([509, 768])
embedding size is torch.Size([509, 768])
embedding size is torch.Size([509, 768])
embedding size is torch.Size([509, 768])
embedding size is torch.Size([509, 768])
embedding size is torch.Size([509, 768])
embedding size is torch.Size([509, 768])
embedding size is torch.Size([509, 768])
embedding size is torch.Size([509, 768])
embedding size is torch.Size([509, 768])
embedding size is torch.Size([509, 768])
embedding size is torch.Size([509, 768])
embedding size is torch.Size([509, 768])
embedding size is torch.Size([509, 768])
embedding size is torch.Size([509, 768])
embedding size is torch.Size([509, 768])
embedding size is torch.Size([509, 768])
embedding size is torch.Size([509, 768])
embedding size is torch.Size([509, 768])
embedding size is torch.Size([509, 768])
embedding size is torch.Size([509, 768])
embedding size is torch.Size([509, 768])
embedding size is torch.Size([509, 768])
embedding size is torch.Size([509, 768])
embedding size is torch.Size([509, 768])
embedding size is torch.Size([509, 768])
embedding size is torch.Size([509, 768])
embedding size is torch.Size([509, 768])
embedding size is torch.Size([509, 768])
embedding size is torch.Size([509, 768])
embedding size is torch.Size([509, 768])
embedding size is torch.Size([509, 768])
embedding size is torch.Size([509, 768])
embedding size is torch.Size([509, 768])
embedding size is torch.Size([509, 768])
embedding size is torch.Size([509, 768])
embedding size is torch.Size([509, 768])
embedding size is torch.Size([509, 768])
embedding size is torch.Size([509, 768])
embedding size is torch.Size([509, 768])
embedding size is torch.Size([509, 768])
embedding size is torch.Size([509, 768])
embedding size is torch.Size([509, 768])
embedding size is torch.Size([509, 768])
embedding size is torch.Size([509, 768])
embedding size is torch.Size([509, 768])
embedding size is torch.Size([509, 768])
embedding size is torch.Size([509, 768])
embedding size is torch.Size([509, 768])
embedding size is torch.Size([509, 768])
embedding size is torch.Size([509, 768])
embedding size is torch.Size([509, 768])
embedding size is torch.Size([509, 768])
embedding size is torch.Size([509, 768])
embedding size is torch.Size([509, 768])
embedding size is torch.Size([509, 768])
embedding size is torch.Size([509, 768])
embedding size is torch.Size([509, 768])
embedding size is torch.Size([509, 768])
embedding size is torch.Size([509, 768])
embedding size is torch.Size([509, 768])
embedding size is torch.Size([509, 768])
embedding size is torch.Size([509, 768])
embedding size is torch.Size([509, 768])
embedding size is torch.Size([509, 768])
embedding size is torch.Size([509, 768])
embedding size is torch.Size([509, 768])
embedding size is torch.Size([509, 768])
embedding size is torch.Size([509, 768])
embedding size is torch.Size([509, 768])
embedding size is torch.Size([509, 768])
embedding size is torch.Size([509, 768])
embedding size is torch.Size([509, 768])
embedding size is torch.Size([509, 768])
embedding size is torch.Size([509, 768])
embedding size is torch.Size([509, 768])
embedding size is torch.Size([509, 768])
embedding size is torch.Size([509, 768])
embedding size is torch.Size([509, 768])
embedding size is torch.Size([509, 768])
embedding size is torch.Size([509, 768])
embedding size is torch.Size([509, 768])
embedding size is torch.Size([509, 768])
embedding size is torch.Size([509, 768])
embedding size is torch.Size([509, 768])
embedding size is torch.Size([509, 768])
embedding size is torch.Size([509, 768])
embedding size is torch.Size([509, 768])
embedding size is torch.Size([509, 768])
embedding size is torch.Size([509, 768])
embedding size is torch.Size([509, 768])
embedding size is torch.Size([509, 768])
embedding size is torch.Size([509, 768])
embedding size is torch.Size([509, 768])
embedding size is torch.Size([509, 768])
embedding size is torch.Size([509, 768])
embedding size is torch.Size([509, 768])
embedding size is torch.Size([509, 768])
embedding size is torch.Size([509, 768])
embedding size is torch.Size([509, 768])
embedding size is torch.Size([509, 768])
embedding size is torch.Size([509, 768])
embedding size is torch.Size([509, 768])
embedding size is torch.Size([509, 768])
embedding size is torch.Size([509, 768])
embedding size is torch.Size([509, 768])
embedding size is torch.Size([509, 768])
embedding size is torch.Size([509, 768])
embedding size is torch.Size([509, 768])
embedding size is torch.Size([509, 768])
embedding size is torch.Size([509, 768])
embedding size is torch.Size([509, 768])
embedding size is torch.Size([509, 768])
embedding size is torch.Size([509, 768])
embedding size is torch.Size([509, 768])
embedding size is torch.Size([509, 768])
embedding size is torch.Size([509, 768])
embedding size is torch.Size([509, 768])
embedding size is torch.Size([509, 768])
embedding size is torch.Size([509, 768])
embedding size is torch.Size([509, 768])
embedding size is torch.Size([509, 768])
embedding size is torch.Size([509, 768])
embedding size is torch.Size([509, 768])
embedding size is torch.Size([509, 768])
embedding size is torch.Size([509, 768])
embedding size is torch.Size([509, 768])
embedding size is torch.Size([509, 768])
embedding size is torch.Size([509, 768])
embedding size is torch.Size([509, 768])
embedding size is torch.Size([509, 768])
embedding size is torch.Size([509, 768])
embedding size is torch.Size([509, 768])
embedding size is torch.Size([509, 768])
embedding size is torch.Size([509, 768])
embedding size is torch.Size([509, 768])
embedding size is torch.Size([509, 768])
embedding size is torch.Size([509, 768])
embedding size is torch.Size([509, 768])
embedding size is torch.Size([509, 768])
embedding size is torch.Size([509, 768])
embedding size is torch.Size([509, 768])
embedding size is torch.Size([509, 768])
embedding size is torch.Size([509, 768])
embedding size is torch.Size([509, 768])
embedding size is torch.Size([509, 768])
embedding size is torch.Size([509, 768])
embedding size is torch.Size([509, 768])
embedding size is torch.Size([509, 768])
embedding size is torch.Size([509, 768])
embedding size is torch.Size([509, 768])
embedding size is torch.Size([509, 768])
embedding size is torch.Size([509, 768])
embedding size is torch.Size([509, 768])
embedding size is torch.Size([509, 768])
embedding size is torch.Size([509, 768])
embedding size is torch.Size([509, 768])
embedding size is torch.Size([509, 768])
embedding size is torch.Size([509, 768])
embedding size is torch.Size([509, 768])
embedding size is torch.Size([509, 768])
embedding size is torch.Size([509, 768])
embedding size is torch.Size([509, 768])
embedding size is torch.Size([509, 768])
embedding size is torch.Size([509, 768])
embedding size is torch.Size([509, 768])
embedding size is torch.Size([509, 768])
embedding size is torch.Size([509, 768])
embedding size is torch.Size([509, 768])
embedding size is torch.Size([509, 768])
embedding size is torch.Size([509, 768])
embedding size is torch.Size([509, 768])
embedding size is torch.Size([509, 768])
embedding size is torch.Size([509, 768])
embedding size is torch.Size([509, 768])
embedding size is torch.Size([509, 768])
embedding size is torch.Size([509, 768])
embedding size is torch.Size([509, 768])
embedding size is torch.Size([509, 768])
embedding size is torch.Size([509, 768])
embedding size is torch.Size([509, 768])
embedding size is torch.Size([509, 768])
embedding size is torch.Size([509, 768])
embedding size is torch.Size([509, 768])
embedding size is torch.Size([509, 768])
embedding size is torch.Size([509, 768])
embedding size is torch.Size([509, 768])
embedding size is torch.Size([509, 768])
embedding size is torch.Size([509, 768])
embedding size is torch.Size([509, 768])
embedding size is torch.Size([509, 768])
embedding size is torch.Size([509, 768])
embedding size is torch.Size([509, 768])
embedding size is torch.Size([509, 768])
embedding size is torch.Size([509, 768])
embedding size is torch.Size([509, 768])
embedding size is torch.Size([509, 768])
embedding size is torch.Size([509, 768])
embedding size is torch.Size([509, 768])
embedding size is torch.Size([509, 768])
embedding size is torch.Size([509, 768])
embedding size is torch.Size([509, 768])
embedding size is torch.Size([509, 768])
embedding size is torch.Size([509, 768])
embedding size is torch.Size([509, 768])
embedding size is torch.Size([509, 768])
embedding size is torch.Size([509, 768])
embedding size is torch.Size([509, 768])
embedding size is torch.Size([509, 768])
embedding size is torch.Size([509, 768])
embedding size is torch.Size([509, 768])
embedding size is torch.Size([509, 768])
embedding size is torch.Size([509, 768])
embedding size is torch.Size([509, 768])
embedding size is torch.Size([509, 768])
embedding size is torch.Size([509, 768])
embedding size is torch.Size([509, 768])
embedding size is torch.Size([509, 768])
embedding size is torch.Size([509, 768])
embedding size is torch.Size([509, 768])
embedding size is torch.Size([509, 768])
embedding size is torch.Size([509, 768])
embedding size is torch.Size([509, 768])
embedding size is torch.Size([509, 768])
embedding size is torch.Size([509, 768])
embedding size is torch.Size([509, 768])
embedding size is torch.Size([509, 768])
embedding size is torch.Size([509, 768])
embedding size is torch.Size([509, 768])
embedding size is torch.Size([509, 768])
embedding size is torch.Size([509, 768])
embedding size is torch.Size([509, 768])
embedding size is torch.Size([509, 768])
embedding size is torch.Size([509, 768])
embedding size is torch.Size([509, 768])
embedding size is torch.Size([509, 768])
embedding size is torch.Size([509, 768])
embedding size is torch.Size([509, 768])
embedding size is torch.Size([509, 768])
embedding size is torch.Size([509, 768])
embedding size is torch.Size([509, 768])
embedding size is torch.Size([509, 768])
embedding size is torch.Size([509, 768])
embedding size is torch.Size([509, 768])
embedding size is torch.Size([509, 768])
embedding size is torch.Size([509, 768])
embedding size is torch.Size([509, 768])
embedding size is torch.Size([509, 768])
embedding size is torch.Size([509, 768])
embedding size is torch.Size([509, 768])
embedding size is torch.Size([509, 768])
embedding size is torch.Size([509, 768])
embedding size is torch.Size([509, 768])
embedding size is torch.Size([509, 768])
embedding size is torch.Size([509, 768])
embedding size is torch.Size([509, 768])
embedding size is torch.Size([509, 768])
embedding size is torch.Size([509, 768])
embedding size is torch.Size([509, 768])
embedding size is torch.Size([509, 768])
embedding size is torch.Size([509, 768])
embedding size is torch.Size([509, 768])
embedding size is torch.Size([509, 768])
embedding size is torch.Size([509, 768])
embedding size is torch.Size([509, 768])
embedding size is torch.Size([509, 768])
embedding size is torch.Size([509, 768])
embedding size is torch.Size([509, 768])
embedding size is torch.Size([509, 768])
embedding size is torch.Size([509, 768])
embedding size is torch.Size([509, 768])
embedding size is torch.Size([509, 768])
embedding size is torch.Size([509, 768])
embedding size is torch.Size([509, 768])
embedding size is torch.Size([509, 768])
embedding size is torch.Size([509, 768])
embedding size is torch.Size([509, 768])
embedding size is torch.Size([509, 768])
embedding size is torch.Size([509, 768])
embedding size is torch.Size([509, 768])
embedding size is torch.Size([509, 768])
embedding size is torch.Size([509, 768])
embedding size is torch.Size([509, 768])
embedding size is torch.Size([509, 768])
embedding size is torch.Size([509, 768])
embedding size is torch.Size([509, 768])
embedding size is torch.Size([509, 768])
embedding size is torch.Size([509, 768])
embedding size is torch.Size([509, 768])
embedding size is torch.Size([509, 768])
embedding size is torch.Size([509, 768])
embedding size is torch.Size([509, 768])
embedding size is torch.Size([509, 768])
embedding size is torch.Size([509, 768])
embedding size is torch.Size([509, 768])
embedding size is torch.Size([509, 768])
embedding size is torch.Size([509, 768])
embedding size is torch.Size([509, 768])
embedding size is torch.Size([509, 768])
embedding size is torch.Size([509, 768])
embedding size is torch.Size([509, 768])
embedding size is torch.Size([509, 768])
embedding size is torch.Size([509, 768])
embedding size is torch.Size([509, 768])
embedding size is torch.Size([509, 768])
embedding size is torch.Size([509, 768])
embedding size is torch.Size([509, 768])
embedding size is torch.Size([509, 768])
embedding size is torch.Size([509, 768])
embedding size is torch.Size([509, 768])
embedding size is torch.Size([509, 768])
embedding size is torch.Size([509, 768])
embedding size is torch.Size([509, 768])
embedding size is torch.Size([509, 768])
embedding size is torch.Size([509, 768])
embedding size is torch.Size([509, 768])
embedding size is torch.Size([509, 768])
embedding size is torch.Size([509, 768])
embedding size is torch.Size([509, 768])
embedding size is torch.Size([509, 768])
embedding size is torch.Size([509, 768])
embedding size is torch.Size([509, 768])
embedding size is torch.Size([509, 768])
embedding size is torch.Size([509, 768])
embedding size is torch.Size([509, 768])
embedding size is torch.Size([509, 768])
embedding size is torch.Size([509, 768])
embedding size is torch.Size([509, 768])
embedding size is torch.Size([509, 768])
embedding size is torch.Size([509, 768])
embedding size is torch.Size([509, 768])
embedding size is torch.Size([509, 768])
embedding size is torch.Size([509, 768])
embedding size is torch.Size([509, 768])
embedding size is torch.Size([509, 768])
embedding size is torch.Size([509, 768])
embedding size is torch.Size([509, 768])
embedding size is torch.Size([509, 768])
embedding size is torch.Size([509, 768])
embedding size is torch.Size([509, 768])
embedding size is torch.Size([509, 768])
embedding size is torch.Size([509, 768])
embedding size is torch.Size([509, 768])
embedding size is torch.Size([509, 768])
embedding size is torch.Size([509, 768])
embedding size is torch.Size([509, 768])
embedding size is torch.Size([509, 768])
embedding size is torch.Size([509, 768])
embedding size is torch.Size([509, 768])
embedding size is torch.Size([509, 768])
embedding size is torch.Size([509, 768])
embedding size is torch.Size([509, 768])
embedding size is torch.Size([509, 768])
embedding size is torch.Size([509, 768])
embedding size is torch.Size([509, 768])
embedding size is torch.Size([509, 768])
embedding size is torch.Size([509, 768])
embedding size is torch.Size([509, 768])
embedding size is torch.Size([509, 768])
embedding size is torch.Size([509, 768])
embedding size is torch.Size([509, 768])
embedding size is torch.Size([509, 768])
embedding size is torch.Size([509, 768])
embedding size is torch.Size([509, 768])
embedding size is torch.Size([509, 768])
embedding size is torch.Size([509, 768])
embedding size is torch.Size([509, 768])
embedding size is torch.Size([509, 768])
embedding size is torch.Size([509, 768])
embedding size is torch.Size([509, 768])
embedding size is torch.Size([509, 768])
embedding size is torch.Size([509, 768])
embedding size is torch.Size([509, 768])
embedding size is torch.Size([509, 768])
embedding size is torch.Size([509, 768])
embedding size is torch.Size([509, 768])
embedding size is torch.Size([509, 768])
embedding size is torch.Size([509, 768])
embedding size is torch.Size([509, 768])
embedding size is torch.Size([509, 768])
embedding size is torch.Size([509, 768])
embedding size is torch.Size([509, 768])
embedding size is torch.Size([509, 768])
embedding size is torch.Size([509, 768])
embedding size is torch.Size([509, 768])
embedding size is torch.Size([509, 768])
embedding size is torch.Size([509, 768])
embedding size is torch.Size([509, 768])
embedding size is torch.Size([509, 768])
embedding size is torch.Size([509, 768])
embedding size is torch.Size([509, 768])
embedding size is torch.Size([509, 768])
embedding size is torch.Size([509, 768])
embedding size is torch.Size([509, 768])
embedding size is torch.Size([509, 768])
embedding size is torch.Size([509, 768])
embedding size is torch.Size([509, 768])
embedding size is torch.Size([509, 768])
embedding size is torch.Size([509, 768])
embedding size is torch.Size([509, 768])
embedding size is torch.Size([509, 768])
embedding size is torch.Size([509, 768])
embedding size is torch.Size([509, 768])
embedding size is torch.Size([509, 768])
embedding size is torch.Size([509, 768])
embedding size is torch.Size([509, 768])
embedding size is torch.Size([509, 768])
embedding size is torch.Size([509, 768])
embedding size is torch.Size([509, 768])
embedding size is torch.Size([509, 768])
embedding size is torch.Size([509, 768])
embedding size is torch.Size([509, 768])
embedding size is torch.Size([509, 768])
embedding size is torch.Size([509, 768])
embedding size is torch.Size([509, 768])
embedding size is torch.Size([509, 768])
embedding size is torch.Size([509, 768])
embedding size is torch.Size([509, 768])
embedding size is torch.Size([509, 768])
embedding size is torch.Size([509, 768])
embedding size is torch.Size([509, 768])
embedding size is torch.Size([509, 768])
embedding size is torch.Size([509, 768])
embedding size is torch.Size([509, 768])
embedding size is torch.Size([509, 768])
embedding size is torch.Size([509, 768])
embedding size is torch.Size([509, 768])
embedding size is torch.Size([509, 768])
embedding size is torch.Size([509, 768])
embedding size is torch.Size([509, 768])
embedding size is torch.Size([509, 768])
embedding size is torch.Size([509, 768])
embedding size is torch.Size([509, 768])
embedding size is torch.Size([509, 768])
embedding size is torch.Size([509, 768])
embedding size is torch.Size([509, 768])
embedding size is torch.Size([509, 768])
embedding size is torch.Size([509, 768])
embedding size is torch.Size([509, 768])
embedding size is torch.Size([509, 768])
embedding size is torch.Size([509, 768])
embedding size is torch.Size([509, 768])
embedding size is torch.Size([509, 768])
embedding size is torch.Size([509, 768])
embedding size is torch.Size([509, 768])
embedding size is torch.Size([509, 768])
embedding size is torch.Size([509, 768])
embedding size is torch.Size([509, 768])
embedding size is torch.Size([509, 768])
embedding size is torch.Size([509, 768])
embedding size is torch.Size([509, 768])
embedding size is torch.Size([509, 768])
embedding size is torch.Size([509, 768])
embedding size is torch.Size([509, 768])
embedding size is torch.Size([509, 768])
embedding size is torch.Size([509, 768])
embedding size is torch.Size([509, 768])
embedding size is torch.Size([509, 768])
embedding size is torch.Size([509, 768])
embedding size is torch.Size([509, 768])
embedding size is torch.Size([509, 768])
embedding size is torch.Size([509, 768])
embedding size is torch.Size([509, 768])
embedding size is torch.Size([509, 768])
embedding size is torch.Size([509, 768])
embedding size is torch.Size([509, 768])
embedding size is torch.Size([509, 768])
embedding size is torch.Size([509, 768])
embedding size is torch.Size([509, 768])
embedding size is torch.Size([509, 768])
embedding size is torch.Size([509, 768])
embedding size is torch.Size([509, 768])
embedding size is torch.Size([509, 768])
embedding size is torch.Size([509, 768])
embedding size is torch.Size([509, 768])
embedding size is torch.Size([509, 768])
embedding size is torch.Size([509, 768])
embedding size is torch.Size([509, 768])
embedding size is torch.Size([509, 768])
embedding size is torch.Size([509, 768])
embedding size is torch.Size([509, 768])
embedding size is torch.Size([509, 768])
embedding size is torch.Size([509, 768])
embedding size is torch.Size([509, 768])
embedding size is torch.Size([509, 768])
embedding size is torch.Size([509, 768])
embedding size is torch.Size([509, 768])
embedding size is torch.Size([509, 768])
embedding size is torch.Size([509, 768])
embedding size is torch.Size([509, 768])
embedding size is torch.Size([509, 768])
embedding size is torch.Size([509, 768])
embedding size is torch.Size([509, 768])
embedding size is torch.Size([509, 768])
embedding size is torch.Size([509, 768])
embedding size is torch.Size([509, 768])
embedding size is torch.Size([509, 768])
embedding size is torch.Size([509, 768])
embedding size is torch.Size([509, 768])
embedding size is torch.Size([509, 768])
embedding size is torch.Size([509, 768])
embedding size is torch.Size([509, 768])
embedding size is torch.Size([509, 768])
embedding size is torch.Size([509, 768])
embedding size is torch.Size([509, 768])
embedding size is torch.Size([509, 768])
embedding size is torch.Size([509, 768])
embedding size is torch.Size([509, 768])
embedding size is torch.Size([509, 768])
embedding size is torch.Size([509, 768])
embedding size is torch.Size([509, 768])
embedding size is torch.Size([509, 768])
embedding size is torch.Size([509, 768])
embedding size is torch.Size([509, 768])
embedding size is torch.Size([509, 768])
embedding size is torch.Size([509, 768])
embedding size is torch.Size([509, 768])
embedding size is torch.Size([509, 768])
embedding size is torch.Size([509, 768])
embedding size is torch.Size([509, 768])
embedding size is torch.Size([509, 768])
embedding size is torch.Size([509, 768])
embedding size is torch.Size([509, 768])
embedding size is torch.Size([509, 768])
embedding size is torch.Size([509, 768])
embedding size is torch.Size([509, 768])
embedding size is torch.Size([509, 768])
embedding size is torch.Size([509, 768])
embedding size is torch.Size([509, 768])
embedding size is torch.Size([509, 768])
embedding size is torch.Size([509, 768])
embedding size is torch.Size([509, 768])
embedding size is torch.Size([509, 768])
embedding size is torch.Size([509, 768])
embedding size is torch.Size([509, 768])
embedding size is torch.Size([509, 768])
embedding size is torch.Size([509, 768])
embedding size is torch.Size([509, 768])
embedding size is torch.Size([509, 768])
embedding size is torch.Size([509, 768])
embedding size is torch.Size([509, 768])
embedding size is torch.Size([509, 768])
embedding size is torch.Size([509, 768])
embedding size is torch.Size([509, 768])
embedding size is torch.Size([509, 768])
embedding size is torch.Size([509, 768])
embedding size is torch.Size([509, 768])
embedding size is torch.Size([509, 768])
embedding size is torch.Size([509, 768])
embedding size is torch.Size([509, 768])
embedding size is torch.Size([509, 768])
embedding size is torch.Size([509, 768])
embedding size is torch.Size([509, 768])
embedding size is torch.Size([509, 768])
embedding size is torch.Size([509, 768])
embedding size is torch.Size([509, 768])
embedding size is torch.Size([509, 768])
embedding size is torch.Size([509, 768])
embedding size is torch.Size([509, 768])
embedding size is torch.Size([509, 768])
embedding size is torch.Size([509, 768])
embedding size is torch.Size([509, 768])
embedding size is torch.Size([509, 768])
embedding size is torch.Size([509, 768])
embedding size is torch.Size([509, 768])
embedding size is torch.Size([509, 768])
embedding size is torch.Size([509, 768])
embedding size is torch.Size([509, 768])
embedding size is torch.Size([509, 768])
embedding size is torch.Size([509, 768])
embedding size is torch.Size([509, 768])
embedding size is torch.Size([509, 768])
embedding size is torch.Size([509, 768])
embedding size is torch.Size([509, 768])
embedding size is torch.Size([509, 768])
embedding size is torch.Size([509, 768])
embedding size is torch.Size([509, 768])
embedding size is torch.Size([509, 768])
embedding size is torch.Size([509, 768])
embedding size is torch.Size([509, 768])
embedding size is torch.Size([509, 768])
embedding size is torch.Size([509, 768])
embedding size is torch.Size([509, 768])
embedding size is torch.Size([509, 768])
embedding size is torch.Size([509, 768])
embedding size is torch.Size([509, 768])
embedding size is torch.Size([509, 768])
embedding size is torch.Size([509, 768])
embedding size is torch.Size([509, 768])
embedding size is torch.Size([509, 768])
embedding size is torch.Size([509, 768])
embedding size is torch.Size([509, 768])
embedding size is torch.Size([509, 768])
embedding size is torch.Size([509, 768])
embedding size is torch.Size([509, 768])
embedding size is torch.Size([509, 768])
embedding size is torch.Size([509, 768])
embedding size is torch.Size([509, 768])
embedding size is torch.Size([509, 768])
embedding size is torch.Size([509, 768])
embedding size is torch.Size([509, 768])
embedding size is torch.Size([509, 768])
embedding size is torch.Size([509, 768])
embedding size is torch.Size([509, 768])
embedding size is torch.Size([509, 768])
embedding size is torch.Size([509, 768])
embedding size is torch.Size([509, 768])
embedding size is torch.Size([509, 768])
embedding size is torch.Size([509, 768])
embedding size is torch.Size([509, 768])
embedding size is torch.Size([509, 768])
embedding size is torch.Size([509, 768])
embedding size is torch.Size([509, 768])
embedding size is torch.Size([509, 768])
embedding size is torch.Size([509, 768])
embedding size is torch.Size([509, 768])
embedding size is torch.Size([509, 768])
embedding size is torch.Size([509, 768])
embedding size is torch.Size([509, 768])
embedding size is torch.Size([509, 768])
embedding size is torch.Size([509, 768])
embedding size is torch.Size([509, 768])
embedding size is torch.Size([509, 768])
embedding size is torch.Size([509, 768])
embedding size is torch.Size([509, 768])
embedding size is torch.Size([509, 768])
embedding size is torch.Size([509, 768])
embedding size is torch.Size([509, 768])
embedding size is torch.Size([509, 768])
embedding size is torch.Size([509, 768])
embedding size is torch.Size([509, 768])
embedding size is torch.Size([509, 768])
embedding size is torch.Size([509, 768])
embedding size is torch.Size([509, 768])
embedding size is torch.Size([509, 768])
embedding size is torch.Size([509, 768])
embedding size is torch.Size([509, 768])
embedding size is torch.Size([509, 768])
embedding size is torch.Size([509, 768])
embedding size is torch.Size([509, 768])
embedding size is torch.Size([509, 768])
embedding size is torch.Size([509, 768])
embedding size is torch.Size([509, 768])
embedding size is torch.Size([509, 768])
embedding size is torch.Size([509, 768])
embedding size is torch.Size([509, 768])
embedding size is torch.Size([509, 768])
embedding size is torch.Size([509, 768])
embedding size is torch.Size([509, 768])
embedding size is torch.Size([509, 768])
embedding size is torch.Size([509, 768])
embedding size is torch.Size([509, 768])
embedding size is torch.Size([509, 768])
embedding size is torch.Size([509, 768])
embedding size is torch.Size([509, 768])
embedding size is torch.Size([509, 768])
embedding size is torch.Size([509, 768])
embedding size is torch.Size([509, 768])
embedding size is torch.Size([509, 768])
embedding size is torch.Size([509, 768])
embedding size is torch.Size([509, 768])
embedding size is torch.Size([509, 768])
embedding size is torch.Size([509, 768])
embedding size is torch.Size([509, 768])
embedding size is torch.Size([509, 768])
embedding size is torch.Size([509, 768])
embedding size is torch.Size([509, 768])
embedding size is torch.Size([509, 768])
embedding size is torch.Size([509, 768])
embedding size is torch.Size([509, 768])
embedding size is torch.Size([509, 768])
embedding size is torch.Size([509, 768])
embedding size is torch.Size([509, 768])
embedding size is torch.Size([509, 768])
embedding size is torch.Size([509, 768])
embedding size is torch.Size([509, 768])
embedding size is torch.Size([509, 768])
embedding size is torch.Size([509, 768])
embedding size is torch.Size([509, 768])
embedding size is torch.Size([509, 768])
embedding size is torch.Size([509, 768])
embedding size is torch.Size([509, 768])
embedding size is torch.Size([509, 768])
embedding size is torch.Size([509, 768])
embedding size is torch.Size([509, 768])
embedding size is torch.Size([509, 768])
embedding size is torch.Size([509, 768])
embedding size is torch.Size([509, 768])
embedding size is torch.Size([509, 768])
embedding size is torch.Size([509, 768])
embedding size is torch.Size([509, 768])
embedding size is torch.Size([509, 768])
embedding size is torch.Size([509, 768])/var/spool/slurm/d/job269790/slurm_script: line 27: 1659271 Killed                  $PythonFolder'/python' generate_dataset_with_embedding_Encode3.py $TF'_'$file $kmer $i $span $data
